<?xml version="1.0" encoding="UTF-8"?>
<testsuite xmlns:xsi="http://www.w3.org/2001/XMLSchema-instance" xsi:noNamespaceSchemaLocation="https://maven.apache.org/surefire/maven-surefire-plugin/xsd/surefire-test-report.xsd" version="3.0.2" name="com.acme.sportplatform.integration.events.EventIntegrationTest" time="3.856" tests="2" errors="0" skipped="0" failures="0">
  <properties>
[...]
</properties>
  <testcase name="shouldCreateAndPublishEvent" classname="com.acme.sportplatform.integration.events.EventIntegrationTest" time="0.228">
    <system-out><![CDATA[2026-08-30T15:40:02.678+03:00  INFO 38176 --- [sport-platform] [           main] t.c.s.AnnotationConfigContextLoaderUtils : Could not detect default configuration classes for test class [com.acme.sportplatform.integration.events.EventIntegrationTest]: EventIntegrationTest does not declare any static, non-private, non-final, nested classes annotated with @Configuration.
2026-08-30T15:40:02.707+03:00  INFO 38176 --- [sport-platform] [           main] .b.t.c.SpringBootTestContextBootstrapper : Found @SpringBootConfiguration com.acme.sportplatform.SportPlatformApplication for test class com.acme.sportplatform.integration.events.EventIntegrationTest
2026-08-30T15:40:02.709+03:00  INFO 38176 --- [sport-platform] [           main] tc.postgres:16                           : Creating container for image: postgres:16
2026-08-30T15:40:02.765+03:00  INFO 38176 --- [sport-platform] [           main] tc.postgres:16                           : Container postgres:16 is starting: 85d512c625fd44d9a9bed7af501b44ded7b56566512fc2e966f0244175f154fc
2026-08-30T15:40:03.619+03:00  INFO 38176 --- [sport-platform] [           main] tc.postgres:16                           : Container postgres:16 started in PT0.9101143S
2026-08-30T15:40:03.619+03:00  INFO 38176 --- [sport-platform] [           main] tc.postgres:16                           : Container is started (JDBC URL: jdbc:postgresql://localhost:49694/sport_platform_test?loggerLevel=OFF)
Sport Platform

2026-08-30T15:40:03.662+03:00  INFO 38176 --- [sport-platform] [           main] c.a.s.i.events.EventIntegrationTest      : Starting EventIntegrationTest using Java 25 with PID 38176 (started by Psixowan in C:\Users\Psixowan\Desktop\Flounder\sport-platform)
2026-08-30T15:40:03.662+03:00  INFO 38176 --- [sport-platform] [           main] c.a.s.i.events.EventIntegrationTest      : The following 1 profile is active: "test"
2026-08-30T15:40:03.994+03:00  INFO 38176 --- [sport-platform] [           main] .s.d.r.c.RepositoryConfigurationDelegate : Multiple Spring Data modules found, entering strict repository configuration mode
2026-08-30T15:40:03.994+03:00  INFO 38176 --- [sport-platform] [           main] .s.d.r.c.RepositoryConfigurationDelegate : Bootstrapping Spring Data JPA repositories in DEFAULT mode.
2026-08-30T15:40:04.044+03:00  INFO 38176 --- [sport-platform] [           main] .s.d.r.c.RepositoryConfigurationDelegate : Finished Spring Data repository scanning in 50 ms. Found 18 JPA repository interfaces.
2026-08-30T15:40:04.179+03:00  INFO 38176 --- [sport-platform] [           main] org.flywaydb.core.FlywayExecutor         : Database: jdbc:postgresql://localhost:49694/sport_platform_test?loggerLevel=OFF (PostgreSQL 16.14)
2026-08-30T15:40:04.202+03:00  INFO 38176 --- [sport-platform] [           main] o.f.c.i.s.JdbcTableSchemaHistory         : Schema history table "public"."flyway_schema_history" does not exist yet
2026-08-30T15:40:04.203+03:00  INFO 38176 --- [sport-platform] [           main] o.f.core.internal.command.DbValidate     : Successfully validated 13 migrations (execution time 00:00.015s)
2026-08-30T15:40:04.210+03:00  INFO 38176 --- [sport-platform] [           main] o.f.c.i.s.JdbcTableSchemaHistory         : Creating Schema History table "public"."flyway_schema_history" ...
2026-08-30T15:40:04.230+03:00  INFO 38176 --- [sport-platform] [           main] o.f.core.internal.command.DbMigrate      : Current version of schema "public": << Empty Schema >>
2026-08-30T15:40:04.235+03:00  INFO 38176 --- [sport-platform] [           main] o.f.core.internal.command.DbMigrate      : Migrating schema "public" to version "002 - init extensions"
2026-08-30T15:40:04.262+03:00  INFO 38176 --- [sport-platform] [           main] o.f.core.internal.command.DbMigrate      : Migrating schema "public" to version "003 - create event publication"
2026-08-30T15:40:04.279+03:00  INFO 38176 --- [sport-platform] [           main] o.f.core.internal.command.DbMigrate      : Migrating schema "public" to version "005 - user role assignment uniqueness"
2026-08-30T15:40:04.290+03:00  INFO 38176 --- [sport-platform] [           main] o.f.core.internal.command.DbMigrate      : Migrating schema "public" to version "006 - organizations and venues"
2026-08-30T15:40:04.303+03:00  INFO 38176 --- [sport-platform] [           main] o.f.core.internal.command.DbMigrate      : Migrating schema "public" to version "007 - sports and regulations"
2026-08-30T15:40:04.319+03:00  INFO 38176 --- [sport-platform] [           main] o.f.core.internal.command.DbMigrate      : Migrating schema "public" to version "008 - seed sports"
2026-08-30T15:40:04.327+03:00  INFO 38176 --- [sport-platform] [           main] o.f.core.internal.command.DbMigrate      : Migrating schema "public" to version "009 - create events"
2026-08-30T15:40:04.336+03:00  INFO 38176 --- [sport-platform] [           main] o.f.core.internal.command.DbMigrate      : Migrating schema "public" to version "010 - create event disciplines"
2026-08-30T15:40:04.348+03:00  INFO 38176 --- [sport-platform] [           main] o.f.core.internal.command.DbMigrate      : Migrating schema "public" to version "011 - create registrations"
2026-08-30T15:40:04.358+03:00  INFO 38176 --- [sport-platform] [           main] o.f.core.internal.command.DbMigrate      : Migrating schema "public" to version "012 - add entry fee to event disciplines"
2026-08-30T15:40:04.369+03:00  INFO 38176 --- [sport-platform] [           main] o.f.core.internal.command.DbMigrate      : Migrating schema "public" to version "013 - create payments"
2026-08-30T15:40:04.382+03:00  INFO 38176 --- [sport-platform] [           main] o.f.core.internal.command.DbMigrate      : Migrating schema "public" to version "014 - registrations reviewNote"
2026-08-30T15:40:04.383+03:00  WARN 38176 --- [sport-platform] [           main] o.f.c.i.s.DefaultSqlScriptExecutor       : DB: relation "idx_registrations_status" already exists, skipping (SQL State: 42P07 - Error Code: 0)
2026-08-30T15:40:04.394+03:00  INFO 38176 --- [sport-platform] [           main] o.f.core.internal.command.DbMigrate      : Migrating schema "public" to version "015 - create competition units"
2026-08-30T15:40:04.408+03:00  INFO 38176 --- [sport-platform] [           main] o.f.core.internal.command.DbMigrate      : Successfully applied 13 migrations to schema "public", now at version v015 (execution time 00:00.073s)
2026-08-30T15:40:04.467+03:00  INFO 38176 --- [sport-platform] [           main] o.hibernate.jpa.internal.util.LogHelper  : HHH000204: Processing PersistenceUnitInfo [name: default]
2026-08-30T15:40:04.471+03:00  INFO 38176 --- [sport-platform] [           main] o.h.c.internal.RegionFactoryInitiator    : HHH000026: Second-level cache disabled
2026-08-30T15:40:04.482+03:00  INFO 38176 --- [sport-platform] [           main] o.s.o.j.p.SpringPersistenceUnitInfo      : No LoadTimeWeaver setup: ignoring JPA class transformer
2026-08-30T15:40:04.483+03:00  INFO 38176 --- [sport-platform] [           main] com.zaxxer.hikari.HikariDataSource       : HikariPool-3 - Starting...
2026-08-30T15:40:04.491+03:00  INFO 38176 --- [sport-platform] [           main] com.zaxxer.hikari.pool.HikariPool        : HikariPool-3 - Added connection org.postgresql.jdbc.PgConnection@74dacc10
2026-08-30T15:40:04.491+03:00  INFO 38176 --- [sport-platform] [           main] com.zaxxer.hikari.HikariDataSource       : HikariPool-3 - Start completed.
2026-08-30T15:40:04.493+03:00  WARN 38176 --- [sport-platform] [           main] org.hibernate.orm.deprecation            : HHH90000025: PostgreSQLDialect does not need to be specified explicitly using 'hibernate.dialect' (remove the property setting and it will be selected by default)
2026-08-30T15:40:04.495+03:00  INFO 38176 --- [sport-platform] [           main] org.hibernate.orm.connections.pooling    : HHH10001005: Database info:
	Database JDBC URL [Connecting through datasource 'HikariDataSource (HikariPool-3)']
	Database driver: undefined/unknown
	Database version: 16.14
	Autocommit mode: undefined/unknown
	Isolation level: undefined/unknown
	Minimum pool size: undefined/unknown
	Maximum pool size: undefined/unknown
2026-08-30T15:40:04.577+03:00  INFO 38176 --- [sport-platform] [           main] o.h.e.t.j.p.i.JtaPlatformInitiator       : HHH000489: No JTA platform available (set 'hibernate.transaction.jta.platform' to enable JTA platform integration)
2026-08-30T15:40:04.588+03:00  INFO 38176 --- [sport-platform] [           main] j.LocalContainerEntityManagerFactoryBean : Initialized JPA EntityManagerFactory for persistence unit 'default'
2026-08-30T15:40:04.963+03:00  INFO 38176 --- [sport-platform] [           main] eAuthenticationProviderManagerConfigurer : Global AuthenticationManager configured with AuthenticationProvider bean with name daoAuthenticationProvider
2026-08-30T15:40:04.963+03:00  WARN 38176 --- [sport-platform] [           main] r$InitializeUserDetailsManagerConfigurer : Global AuthenticationManager configured with an AuthenticationProvider bean. UserDetailsService beans will not be used by Spring Security for automatically configuring username/password login. Consider removing the AuthenticationProvider bean. Alternatively, consider using the UserDetailsService in a manually instantiated DaoAuthenticationProvider. If the current configuration is intentional, to turn off this warning, increase the logging level of 'org.springframework.security.config.annotation.authentication.configuration.InitializeUserDetailsBeanManagerConfigurer' to ERROR
2026-08-30T15:40:05.380+03:00  INFO 38176 --- [sport-platform] [           main] o.s.b.a.e.web.EndpointLinksResolver      : Exposing 6 endpoints beneath base path '/actuator'
2026-08-30T15:40:05.821+03:00  INFO 38176 --- [sport-platform] [           main] o.s.b.t.m.w.SpringBootMockServletContext : Initializing Spring TestDispatcherServlet ''
2026-08-30T15:40:05.821+03:00  INFO 38176 --- [sport-platform] [           main] o.s.t.web.servlet.TestDispatcherServlet  : Initializing Servlet ''
2026-08-30T15:40:05.821+03:00  INFO 38176 --- [sport-platform] [           main] o.s.t.web.servlet.TestDispatcherServlet  : Completed initialization in 0 ms
2026-08-30T15:40:05.863+03:00  INFO 38176 --- [sport-platform] [           main] o.s.s.config.TaskSchedulerRouter         : No TaskScheduler/ScheduledExecutorService bean found for scheduled processing
2026-08-30T15:40:05.864+03:00  INFO 38176 --- [sport-platform] [           main] c.a.s.i.events.EventIntegrationTest      : Started EventIntegrationTest in 2.239 seconds (process running for 24.852)

MockHttpServletRequest:
      HTTP Method = POST
      Request URI = /api/v1/organizations
       Parameters = {_csrf=[lUo45PpG9bUDkY_yg8zR4oOqGHRu-M10FjsqjxV-sVYwhuaFrCkPh5gnwocuouyX5eHl2-KfNRVfzq9ZJ10SvyNO02AItIS2]}
          Headers = [Content-Type:"application/json;charset=UTF-8", Content-Length:"129"]
             Body = {"type":"organizer","name":"Организатор Event IT","contactEmail":"events-it@example.com","contactPhone":"79990001122"}
    Session Attrs = {}

Handler:
             Type = com.acme.sportplatform.organizations.web.OrganizationController
           Method = com.acme.sportplatform.organizations.web.OrganizationController#createOrganization(CreateOrganizationRequest)

Async:
    Async started = false
     Async result = null

Resolved Exception:
             Type = null

ModelAndView:
        View name = null
             View = null
            Model = null

FlashMap:
       Attributes = null

MockHttpServletResponse:
           Status = 200
    Error message = null
          Headers = [Vary:"Origin", "Access-Control-Request-Method", "Access-Control-Request-Headers", Content-Type:"application/json", X-Content-Type-Options:"nosniff", X-XSS-Protection:"0", Cache-Control:"no-cache, no-store, max-age=0, must-revalidate", Pragma:"no-cache", Expires:"0", X-Frame-Options:"DENY"]
     Content type = application/json
             Body = {"id":"2eba6f3f-46d9-4875-ba61-af0fdaffe6a3","type":"organizer","name":"Организатор Event IT","contactEmail":"events-it@example.com","contactPhone":"79990001122","createdAt":"2026-08-30T12:40:05.8956639Z","updatedAt":"2026-08-30T12:40:05.8956639Z"}
    Forwarded URL = null
   Redirected URL = null
          Cookies = []

MockHttpServletRequest:
      HTTP Method = POST
      Request URI = /api/v1/venues
       Parameters = {_csrf=[uPE99khN7wDck8PDPMGKzpqaN7Uc7q_sWj8H6POw54qUuKEmisEPwnl4jjjxp6f3Xey-_6uiGtQq15nBOQ9ijpLW1bmjipcX]}
          Headers = [Content-Type:"application/json;charset=UTF-8", Content-Length:"175"]
             Body = {"name":"Бассейн Олимп","countryCode":"RU","city":"Санкт-Петербург","address":"проспект Спортивный, 10","timezone":"Europe/Moscow"}
    Session Attrs = {}

Handler:
             Type = com.acme.sportplatform.organizations.web.VenueController
           Method = com.acme.sportplatform.organizations.web.VenueController#createVenue(CreateVenueRequest)

Async:
    Async started = false
     Async result = null

Resolved Exception:
             Type = null

ModelAndView:
        View name = null
             View = null
            Model = null

FlashMap:
       Attributes = null

MockHttpServletResponse:
           Status = 200
    Error message = null
          Headers = [Vary:"Origin", "Access-Control-Request-Method", "Access-Control-Request-Headers", Content-Type:"application/json", X-Content-Type-Options:"nosniff", X-XSS-Protection:"0", Cache-Control:"no-cache, no-store, max-age=0, must-revalidate", Pragma:"no-cache", Expires:"0", X-Frame-Options:"DENY"]
     Content type = application/json
             Body = {"id":"f4bcab78-2ed3-48b8-9fc8-66d1910a0e8c","name":"Бассейн Олимп","countryCode":"RU","city":"Санкт-Петербург","address":"проспект Спортивный, 10","timezone":"Europe/Moscow"}
    Forwarded URL = null
   Redirected URL = null
          Cookies = []

MockHttpServletRequest:
      HTTP Method = POST
      Request URI = /api/v1/regulation-templates
       Parameters = {_csrf=[zflUZjrnDm4Vge2wXs96gOono62YFO6eKkOzrv19BslRGlc7_ZxsAFzXP1g4t4mHOOJOtYxDjpWhd42zGnLRn8pOZ_FlfjRY]}
          Headers = [Content-Type:"application/json;charset=UTF-8", Content-Length:"208"]
             Body = {
  "sportId": "10000000-0000-0000-0000-000000000001",
  "code": "events-0881776a",
  "name": "Регламент Event IT",
  "description": "Шаблон регламента для EventIntegrationTest"
}

    Session Attrs = {}

Handler:
             Type = com.acme.sportplatform.regulations.web.RegulationController
           Method = com.acme.sportplatform.regulations.web.RegulationController#createTemplate(CreateRegulationTemplateRequest)

Async:
    Async started = false
     Async result = null

Resolved Exception:
             Type = null

ModelAndView:
        View name = null
             View = null
            Model = null

FlashMap:
       Attributes = null

MockHttpServletResponse:
           Status = 200
    Error message = null
          Headers = [Vary:"Origin", "Access-Control-Request-Method", "Access-Control-Request-Headers", Content-Type:"application/json", X-Content-Type-Options:"nosniff", X-XSS-Protection:"0", Cache-Control:"no-cache, no-store, max-age=0, must-revalidate", Pragma:"no-cache", Expires:"0", X-Frame-Options:"DENY"]
     Content type = application/json
             Body = {"id":"9e24d8e6-d9cb-4caf-9667-af294819879b","sportId":"10000000-0000-0000-0000-000000000001","code":"events-0881776a","name":"Регламент Event IT","description":"Шаблон регламента для EventIntegrationTest","isActive":true,"createdAt":"2026-08-30T12:40:05.9643235Z"}
    Forwarded URL = null
   Redirected URL = null
          Cookies = []

MockHttpServletRequest:
      HTTP Method = POST
      Request URI = /api/v1/regulation-templates/9e24d8e6-d9cb-4caf-9667-af294819879b/versions
       Parameters = {_csrf=[ChCHiTiG1Uf-WXJ9Gw9ay84XldJ-K0Phj_s_J7S7ZWJl7PkUOnWz7w2z7SLTYUVFLiJu86sjuLNME3LMtp9ZFoSKVlBV2sgs]}
          Headers = [Content-Type:"application/json;charset=UTF-8", Content-Length:"156"]
             Body = {
  "versionNo": 1,
  "rulesJson": {
    "sections": []
  },
  "notes": "Регламент для EventIntegrationTest",
  "effectiveFrom": "2026-09-01"
}

    Session Attrs = {}

Handler:
             Type = com.acme.sportplatform.regulations.web.RegulationController
           Method = com.acme.sportplatform.regulations.web.RegulationController#createVersion(UUID, CreateRegulationVersionRequest)

Async:
    Async started = false
     Async result = null

Resolved Exception:
             Type = null

ModelAndView:
        View name = null
             View = null
            Model = null

FlashMap:
       Attributes = null

MockHttpServletResponse:
           Status = 200
    Error message = null
          Headers = [Vary:"Origin", "Access-Control-Request-Method", "Access-Control-Request-Headers", Content-Type:"application/json", X-Content-Type-Options:"nosniff", X-XSS-Protection:"0", Cache-Control:"no-cache, no-store, max-age=0, must-revalidate", Pragma:"no-cache", Expires:"0", X-Frame-Options:"DENY"]
     Content type = application/json
             Body = {"id":"1c97facd-a28d-4f96-9af0-f372b254bc04","regulationTemplateId":"9e24d8e6-d9cb-4caf-9667-af294819879b","versionNo":1,"status":"draft","effectiveFrom":"2026-09-01","rulesJson":{"sections":[]},"notes":"Регламент для EventIntegrationTest","createdAt":"2026-08-30T12:40:06.0142688Z"}
    Forwarded URL = null
   Redirected URL = null
          Cookies = []

MockHttpServletRequest:
      HTTP Method = POST
      Request URI = /api/v1/regulation-versions/1c97facd-a28d-4f96-9af0-f372b254bc04/publish
       Parameters = {_csrf=[Qqzj20PmXP9NJk6WQgbEMPyyu8xtehYTxypMQcyWv-xIe_UCdZWAvSXfPcZgQy2vdSvwBpnXlq5VTSI-9hJ4dKih3Y8sGJQ0]}
          Headers = []
             Body = null
    Session Attrs = {}

Handler:
             Type = com.acme.sportplatform.regulations.web.RegulationController
           Method = com.acme.sportplatform.regulations.web.RegulationController#publish(UUID)

Async:
    Async started = false
     Async result = null

Resolved Exception:
             Type = null

ModelAndView:
        View name = null
             View = null
            Model = null

FlashMap:
       Attributes = null

MockHttpServletResponse:
           Status = 200
    Error message = null
          Headers = [Vary:"Origin", "Access-Control-Request-Method", "Access-Control-Request-Headers", Content-Type:"application/json", X-Content-Type-Options:"nosniff", X-XSS-Protection:"0", Cache-Control:"no-cache, no-store, max-age=0, must-revalidate", Pragma:"no-cache", Expires:"0", X-Frame-Options:"DENY"]
     Content type = application/json
             Body = {"id":"1c97facd-a28d-4f96-9af0-f372b254bc04","regulationTemplateId":"9e24d8e6-d9cb-4caf-9667-af294819879b","versionNo":1,"status":"published","effectiveFrom":"2026-09-01","rulesJson":{"sections":[]},"notes":"Регламент для EventIntegrationTest","createdAt":"2026-08-30T12:40:06.014269Z"}
    Forwarded URL = null
   Redirected URL = null
          Cookies = []

MockHttpServletRequest:
      HTTP Method = POST
      Request URI = /api/v1/events
       Parameters = {_csrf=[aSS9mOmeGWFBfPEHrKP8Oj-k1Z-XDPkjhzPumKBKr1WTD4LxUUHcq4isf1RsH8M-lY7IAgqV-P70P5sOtFHa_pl-nTD1OrLE]}
          Headers = [Content-Type:"application/json;charset=UTF-8", Content-Length:"483"]
             Body = {"organizationId":"2eba6f3f-46d9-4875-ba61-af0fdaffe6a3","venueId":"f4bcab78-2ed3-48b8-9fc8-66d1910a0e8c","sportId":"10000000-0000-0000-0000-000000000001","regulationVersionId":"1c97facd-a28d-4f96-9af0-f372b254bc04","title":"Кубок города по плаванию","description":"Тестовое событие","registrationOpenAt":"2026-08-01T00:00:00Z","registrationCloseAt":"2026-09-20T23:59:59Z","eventStartAt":"2026-10-01T09:00:00Z","eventEndAt":"2026-10-02T18:00:00Z"}
    Session Attrs = {}

Handler:
             Type = com.acme.sportplatform.events.web.EventController
           Method = com.acme.sportplatform.events.web.EventController#create(CreateEventRequest)

Async:
    Async started = false
     Async result = null

Resolved Exception:
             Type = null

ModelAndView:
        View name = null
             View = null
            Model = null

FlashMap:
       Attributes = null

MockHttpServletResponse:
           Status = 200
    Error message = null
          Headers = [Vary:"Origin", "Access-Control-Request-Method", "Access-Control-Request-Headers", Content-Type:"application/json", X-Content-Type-Options:"nosniff", X-XSS-Protection:"0", Cache-Control:"no-cache, no-store, max-age=0, must-revalidate", Pragma:"no-cache", Expires:"0", X-Frame-Options:"DENY"]
     Content type = application/json
             Body = {"id":"3d213c88-6c7d-4f10-93ad-a1e9081f8697","organizationId":"2eba6f3f-46d9-4875-ba61-af0fdaffe6a3","venueId":"f4bcab78-2ed3-48b8-9fc8-66d1910a0e8c","sportId":"10000000-0000-0000-0000-000000000001","regulationVersionId":"1c97facd-a28d-4f96-9af0-f372b254bc04","title":"Кубок города по плаванию","description":"Тестовое событие","registrationOpenAt":"2026-08-01T00:00:00Z","registrationCloseAt":"2026-09-20T23:59:59Z","eventStartAt":"2026-10-01T09:00:00Z","eventEndAt":"2026-10-02T18:00:00Z","status":"DRAFT","publicSlug":"-fc131b90","settingsJson":"{}","createdAt":"2026-08-30T12:40:06.066811Z","updatedAt":"2026-08-30T12:40:06.066811Z"}
    Forwarded URL = null
   Redirected URL = null
          Cookies = []

MockHttpServletRequest:
      HTTP Method = POST
      Request URI = /api/v1/events/3d213c88-6c7d-4f10-93ad-a1e9081f8697/publish
       Parameters = {_csrf=[8q5qXlInEG92w07mosRw3OqrpWiAZdtCtcE0XNQCbO6lS-r3kM1YP2UedVtbpn-FxOlE79qdiFHlAOlv0aBSOeFnWY_AKdjE]}
          Headers = []
             Body = null
    Session Attrs = {}

Handler:
             Type = com.acme.sportplatform.events.web.EventController
           Method = com.acme.sportplatform.events.web.EventController#publish(UUID)

Async:
    Async started = false
     Async result = null

Resolved Exception:
             Type = null

ModelAndView:
        View name = null
             View = null
            Model = null

FlashMap:
       Attributes = null

MockHttpServletResponse:
           Status = 200
    Error message = null
          Headers = [Vary:"Origin", "Access-Control-Request-Method", "Access-Control-Request-Headers", Content-Type:"application/json", X-Content-Type-Options:"nosniff", X-XSS-Protection:"0", Cache-Control:"no-cache, no-store, max-age=0, must-revalidate", Pragma:"no-cache", Expires:"0", X-Frame-Options:"DENY"]
     Content type = application/json
             Body = {"id":"3d213c88-6c7d-4f10-93ad-a1e9081f8697","organizationId":"2eba6f3f-46d9-4875-ba61-af0fdaffe6a3","venueId":"f4bcab78-2ed3-48b8-9fc8-66d1910a0e8c","sportId":"10000000-0000-0000-0000-000000000001","regulationVersionId":"1c97facd-a28d-4f96-9af0-f372b254bc04","title":"Кубок города по плаванию","description":"Тестовое событие","registrationOpenAt":"2026-08-01T00:00:00Z","registrationCloseAt":"2026-09-20T23:59:59Z","eventStartAt":"2026-10-01T09:00:00Z","eventEndAt":"2026-10-02T18:00:00Z","status":"PUBLISHED","publicSlug":"-fc131b90","settingsJson":"{}","createdAt":"2026-08-30T12:40:06.066811Z","updatedAt":"2026-08-30T12:40:06.066811Z"}
    Forwarded URL = null
   Redirected URL = null
          Cookies = []

MockHttpServletRequest:
      HTTP Method = GET
      Request URI = /api/v1/events/3d213c88-6c7d-4f10-93ad-a1e9081f8697
       Parameters = {}
          Headers = []
             Body = null
    Session Attrs = {}

Handler:
             Type = com.acme.sportplatform.events.web.EventController
           Method = com.acme.sportplatform.events.web.EventController#get(UUID)

Async:
    Async started = false
     Async result = null

Resolved Exception:
             Type = null

ModelAndView:
        View name = null
             View = null
            Model = null

FlashMap:
       Attributes = null

MockHttpServletResponse:
           Status = 200
    Error message = null
          Headers = [Vary:"Origin", "Access-Control-Request-Method", "Access-Control-Request-Headers", Content-Type:"application/json", X-Content-Type-Options:"nosniff", X-XSS-Protection:"0", Cache-Control:"no-cache, no-store, max-age=0, must-revalidate", Pragma:"no-cache", Expires:"0", X-Frame-Options:"DENY"]
     Content type = application/json
             Body = {"id":"3d213c88-6c7d-4f10-93ad-a1e9081f8697","organizationId":"2eba6f3f-46d9-4875-ba61-af0fdaffe6a3","venueId":"f4bcab78-2ed3-48b8-9fc8-66d1910a0e8c","sportId":"10000000-0000-0000-0000-000000000001","regulationVersionId":"1c97facd-a28d-4f96-9af0-f372b254bc04","title":"Кубок города по плаванию","description":"Тестовое событие","registrationOpenAt":"2026-08-01T00:00:00Z","registrationCloseAt":"2026-09-20T23:59:59Z","eventStartAt":"2026-10-01T09:00:00Z","eventEndAt":"2026-10-02T18:00:00Z","status":"PUBLISHED","publicSlug":"-fc131b90","settingsJson":"{}","createdAt":"2026-08-30T12:40:06.066811Z","updatedAt":"2026-08-30T12:40:06.066811Z"}
    Forwarded URL = null
   Redirected URL = null
          Cookies = []
]]></system-out>
  </testcase>
  <testcase name="shouldOpenCloseRegistrationAndCompleteEvent" classname="com.acme.sportplatform.integration.events.EventIntegrationTest" time="0.1">
    <system-out><![CDATA[
MockHttpServletRequest:
      HTTP Method = POST
      Request URI = /api/v1/organizations
       Parameters = {_csrf=[Tla_lRWUFwP4WrdSsJDDg1GiEJBPTumfkLOzkoZKx-ex5kRWKGPcoXHyIjTVbYM31b335jSUPfF3doyy9YKC9rMo99LThHZj]}
          Headers = [Content-Type:"application/json;charset=UTF-8", Content-Length:"129"]
             Body = {"type":"organizer","name":"Организатор Event IT","contactEmail":"events-it@example.com","contactPhone":"79990001122"}
    Session Attrs = {}

Handler:
             Type = com.acme.sportplatform.organizations.web.OrganizationController
           Method = com.acme.sportplatform.organizations.web.OrganizationController#createOrganization(CreateOrganizationRequest)

Async:
    Async started = false
     Async result = null

Resolved Exception:
             Type = null

ModelAndView:
        View name = null
             View = null
            Model = null

FlashMap:
       Attributes = null

MockHttpServletResponse:
           Status = 200
    Error message = null
          Headers = [Vary:"Origin", "Access-Control-Request-Method", "Access-Control-Request-Headers", Content-Type:"application/json", X-Content-Type-Options:"nosniff", X-XSS-Protection:"0", Cache-Control:"no-cache, no-store, max-age=0, must-revalidate", Pragma:"no-cache", Expires:"0", X-Frame-Options:"DENY"]
     Content type = application/json
             Body = {"id":"0f43d7cf-0a27-4326-9848-af138205abd6","type":"organizer","name":"Организатор Event IT","contactEmail":"events-it@example.com","contactPhone":"79990001122","createdAt":"2026-08-30T12:40:06.1008573Z","updatedAt":"2026-08-30T12:40:06.1008573Z"}
    Forwarded URL = null
   Redirected URL = null
          Cookies = []

MockHttpServletRequest:
      HTTP Method = POST
      Request URI = /api/v1/venues
       Parameters = {_csrf=[yPfr_xlDNvbDAvivHSSK0FpKMCVxISQx-H29XubufJUSJwtIrpGPyy13BZLuN8meKwm-sm5_HR1FQEUcwE3ePNbaGaInQjIt]}
          Headers = [Content-Type:"application/json;charset=UTF-8", Content-Length:"175"]
             Body = {"name":"Бассейн Олимп","countryCode":"RU","city":"Санкт-Петербург","address":"проспект Спортивный, 10","timezone":"Europe/Moscow"}
    Session Attrs = {}

Handler:
             Type = com.acme.sportplatform.organizations.web.VenueController
           Method = com.acme.sportplatform.organizations.web.VenueController#createVenue(CreateVenueRequest)

Async:
    Async started = false
     Async result = null

Resolved Exception:
             Type = null

ModelAndView:
        View name = null
             View = null
            Model = null

FlashMap:
       Attributes = null

MockHttpServletResponse:
           Status = 200
    Error message = null
          Headers = [Vary:"Origin", "Access-Control-Request-Method", "Access-Control-Request-Headers", Content-Type:"application/json", X-Content-Type-Options:"nosniff", X-XSS-Protection:"0", Cache-Control:"no-cache, no-store, max-age=0, must-revalidate", Pragma:"no-cache", Expires:"0", X-Frame-Options:"DENY"]
     Content type = application/json
             Body = {"id":"5ae81ebb-5584-4e50-b551-61cd6dd59c3c","name":"Бассейн Олимп","countryCode":"RU","city":"Санкт-Петербург","address":"проспект Спортивный, 10","timezone":"Europe/Moscow"}
    Forwarded URL = null
   Redirected URL = null
          Cookies = []

MockHttpServletRequest:
      HTTP Method = POST
      Request URI = /api/v1/regulation-templates
       Parameters = {_csrf=[cmxi3zx0xGABKfQOtb41qbaXVS5_LAmcQhqSwURTPpZFm-2lEV8Dvl8Sp1EsG8I70JMBm4b0eBZOFWuxey3z83QyCvd8qI-Q]}
          Headers = [Content-Type:"application/json;charset=UTF-8", Content-Length:"208"]
             Body = {
  "sportId": "10000000-0000-0000-0000-000000000001",
  "code": "events-ed0a2aaf",
  "name": "Регламент Event IT",
  "description": "Шаблон регламента для EventIntegrationTest"
}

    Session Attrs = {}

Handler:
             Type = com.acme.sportplatform.regulations.web.RegulationController
           Method = com.acme.sportplatform.regulations.web.RegulationController#createTemplate(CreateRegulationTemplateRequest)

Async:
    Async started = false
     Async result = null

Resolved Exception:
             Type = null

ModelAndView:
        View name = null
             View = null
            Model = null

FlashMap:
       Attributes = null

MockHttpServletResponse:
           Status = 200
    Error message = null
          Headers = [Vary:"Origin", "Access-Control-Request-Method", "Access-Control-Request-Headers", Content-Type:"application/json", X-Content-Type-Options:"nosniff", X-XSS-Protection:"0", Cache-Control:"no-cache, no-store, max-age=0, must-revalidate", Pragma:"no-cache", Expires:"0", X-Frame-Options:"DENY"]
     Content type = application/json
             Body = {"id":"663f3f82-0cc0-44da-b22f-157ca07e4c92","sportId":"10000000-0000-0000-0000-000000000001","code":"events-ed0a2aaf","name":"Регламент Event IT","description":"Шаблон регламента для EventIntegrationTest","isActive":true,"createdAt":"2026-08-30T12:40:06.1218992Z"}
    Forwarded URL = null
   Redirected URL = null
          Cookies = []

MockHttpServletRequest:
      HTTP Method = POST
      Request URI = /api/v1/regulation-templates/663f3f82-0cc0-44da-b22f-157ca07e4c92/versions
       Parameters = {_csrf=[L-ZIXNw-OjRQvlqZuMr4QjSLmhcJxub9_t9viJgOp9ZBXvUGH4QrOe5dWAx9iDn4gefMcVe9t3Y79dHQx7tdsaE8xe9xbcI1]}
          Headers = [Content-Type:"application/json;charset=UTF-8", Content-Length:"156"]
             Body = {
  "versionNo": 1,
  "rulesJson": {
    "sections": []
  },
  "notes": "Регламент для EventIntegrationTest",
  "effectiveFrom": "2026-09-01"
}

    Session Attrs = {}

Handler:
             Type = com.acme.sportplatform.regulations.web.RegulationController
           Method = com.acme.sportplatform.regulations.web.RegulationController#createVersion(UUID, CreateRegulationVersionRequest)

Async:
    Async started = false
     Async result = null

Resolved Exception:
             Type = null

ModelAndView:
        View name = null
             View = null
            Model = null

FlashMap:
       Attributes = null

MockHttpServletResponse:
           Status = 200
    Error message = null
          Headers = [Vary:"Origin", "Access-Control-Request-Method", "Access-Control-Request-Headers", Content-Type:"application/json", X-Content-Type-Options:"nosniff", X-XSS-Protection:"0", Cache-Control:"no-cache, no-store, max-age=0, must-revalidate", Pragma:"no-cache", Expires:"0", X-Frame-Options:"DENY"]
     Content type = application/json
             Body = {"id":"05ff61bc-832f-414d-8e07-8b2581cc9946","regulationTemplateId":"663f3f82-0cc0-44da-b22f-157ca07e4c92","versionNo":1,"status":"draft","effectiveFrom":"2026-09-01","rulesJson":{"sections":[]},"notes":"Регламент для EventIntegrationTest","createdAt":"2026-08-30T12:40:06.1324685Z"}
    Forwarded URL = null
   Redirected URL = null
          Cookies = []

MockHttpServletRequest:
      HTTP Method = POST
      Request URI = /api/v1/regulation-versions/05ff61bc-832f-414d-8e07-8b2581cc9946/publish
       Parameters = {_csrf=[chdKRG1X6t6vvHll2Hzopn2WcCCXNIHPm0jOF009Y618yr8AEC8vJ15l3umCjx1UulHcn0TzXRj2AeXi_SysJigLWs8d-Nlk]}
          Headers = []
             Body = null
    Session Attrs = {}

Handler:
             Type = com.acme.sportplatform.regulations.web.RegulationController
           Method = com.acme.sportplatform.regulations.web.RegulationController#publish(UUID)

Async:
    Async started = false
     Async result = null

Resolved Exception:
             Type = null

ModelAndView:
        View name = null
             View = null
            Model = null

FlashMap:
       Attributes = null

MockHttpServletResponse:
           Status = 200
    Error message = null
          Headers = [Vary:"Origin", "Access-Control-Request-Method", "Access-Control-Request-Headers", Content-Type:"application/json", X-Content-Type-Options:"nosniff", X-XSS-Protection:"0", Cache-Control:"no-cache, no-store, max-age=0, must-revalidate", Pragma:"no-cache", Expires:"0", X-Frame-Options:"DENY"]
     Content type = application/json
             Body = {"id":"05ff61bc-832f-414d-8e07-8b2581cc9946","regulationTemplateId":"663f3f82-0cc0-44da-b22f-157ca07e4c92","versionNo":1,"status":"published","effectiveFrom":"2026-09-01","rulesJson":{"sections":[]},"notes":"Регламент для EventIntegrationTest","createdAt":"2026-08-30T12:40:06.132469Z"}
    Forwarded URL = null
   Redirected URL = null
          Cookies = []

MockHttpServletRequest:
      HTTP Method = POST
      Request URI = /api/v1/events
       Parameters = {_csrf=[2d8fXWav6XGeMRUuYkWJy2bQo32GxOvZzOKdjGOaYOL8fi0d7-5-bVac3RSzBiVLU2i9-VDmjhywoN_0_tWkvQX8VYDKSBkt]}
          Headers = [Content-Type:"application/json;charset=UTF-8", Content-Length:"503"]
             Body = {"organizationId":"0f43d7cf-0a27-4326-9848-af138205abd6","venueId":"5ae81ebb-5584-4e50-b551-61cd6dd59c3c","sportId":"10000000-0000-0000-0000-000000000001","regulationVersionId":"05ff61bc-832f-414d-8e07-8b2581cc9946","title":"Соревнование с регистрацией","description":"Проверка смены статусов","registrationOpenAt":"2026-08-01T00:00:00Z","registrationCloseAt":"2026-09-20T23:59:59Z","eventStartAt":"2026-10-01T09:00:00Z","eventEndAt":"2026-10-02T18:00:00Z"}
    Session Attrs = {}

Handler:
             Type = com.acme.sportplatform.events.web.EventController
           Method = com.acme.sportplatform.events.web.EventController#create(CreateEventRequest)

Async:
    Async started = false
     Async result = null

Resolved Exception:
             Type = null

ModelAndView:
        View name = null
             View = null
            Model = null

FlashMap:
       Attributes = null

MockHttpServletResponse:
           Status = 200
    Error message = null
          Headers = [Vary:"Origin", "Access-Control-Request-Method", "Access-Control-Request-Headers", Content-Type:"application/json", X-Content-Type-Options:"nosniff", X-XSS-Protection:"0", Cache-Control:"no-cache, no-store, max-age=0, must-revalidate", Pragma:"no-cache", Expires:"0", X-Frame-Options:"DENY"]
     Content type = application/json
             Body = {"id":"5120f283-8114-419e-83fd-6486e58fb310","organizationId":"0f43d7cf-0a27-4326-9848-af138205abd6","venueId":"5ae81ebb-5584-4e50-b551-61cd6dd59c3c","sportId":"10000000-0000-0000-0000-000000000001","regulationVersionId":"05ff61bc-832f-414d-8e07-8b2581cc9946","title":"Соревнование с регистрацией","description":"Проверка смены статусов","registrationOpenAt":"2026-08-01T00:00:00Z","registrationCloseAt":"2026-09-20T23:59:59Z","eventStartAt":"2026-10-01T09:00:00Z","eventEndAt":"2026-10-02T18:00:00Z","status":"DRAFT","publicSlug":"-2b86e09e","settingsJson":"{}","createdAt":"2026-08-30T12:40:06.1537654Z","updatedAt":"2026-08-30T12:40:06.1537654Z"}
    Forwarded URL = null
   Redirected URL = null
          Cookies = []

MockHttpServletRequest:
      HTTP Method = POST
      Request URI = /api/v1/events/5120f283-8114-419e-83fd-6486e58fb310/publish
       Parameters = {_csrf=[rPEXKySxA0zaGeLIDRGWniMJoVZkhfQqwSmgG7OQl6zXJZvXnpUuSEKDM3z3f9L_NTyirhprjDdS580H8U_BItH2oJSzQKLm]}
          Headers = []
             Body = null
    Session Attrs = {}

Handler:
             Type = com.acme.sportplatform.events.web.EventController
           Method = com.acme.sportplatform.events.web.EventController#publish(UUID)

Async:
    Async started = false
     Async result = null

Resolved Exception:
             Type = null

ModelAndView:
        View name = null
             View = null
            Model = null

FlashMap:
       Attributes = null

MockHttpServletResponse:
           Status = 200
    Error message = null
          Headers = [Vary:"Origin", "Access-Control-Request-Method", "Access-Control-Request-Headers", Content-Type:"application/json", X-Content-Type-Options:"nosniff", X-XSS-Protection:"0", Cache-Control:"no-cache, no-store, max-age=0, must-revalidate", Pragma:"no-cache", Expires:"0", X-Frame-Options:"DENY"]
     Content type = application/json
             Body = {"id":"5120f283-8114-419e-83fd-6486e58fb310","organizationId":"0f43d7cf-0a27-4326-9848-af138205abd6","venueId":"5ae81ebb-5584-4e50-b551-61cd6dd59c3c","sportId":"10000000-0000-0000-0000-000000000001","regulationVersionId":"05ff61bc-832f-414d-8e07-8b2581cc9946","title":"Соревнование с регистрацией","description":"Проверка смены статусов","registrationOpenAt":"2026-08-01T00:00:00Z","registrationCloseAt":"2026-09-20T23:59:59Z","eventStartAt":"2026-10-01T09:00:00Z","eventEndAt":"2026-10-02T18:00:00Z","status":"PUBLISHED","publicSlug":"-2b86e09e","settingsJson":"{}","createdAt":"2026-08-30T12:40:06.153765Z","updatedAt":"2026-08-30T12:40:06.153765Z"}
    Forwarded URL = null
   Redirected URL = null
          Cookies = []

MockHttpServletRequest:
      HTTP Method = POST
      Request URI = /api/v1/events/5120f283-8114-419e-83fd-6486e58fb310/open-registration
       Parameters = {_csrf=[_AcpLWNryDWZ_6GIb8BnwcbzxbdvGKFqLacn8ZsLE3cW3uYsyz4fFVMK_QG0yZG5X-1TpaPG6I5de8NHG5IXw6IyIhZ1ut4V]}
          Headers = []
             Body = null
    Session Attrs = {}

Handler:
             Type = com.acme.sportplatform.events.web.EventController
           Method = com.acme.sportplatform.events.web.EventController#openRegistration(UUID)

Async:
    Async started = false
     Async result = null

Resolved Exception:
             Type = null

ModelAndView:
        View name = null
             View = null
            Model = null

FlashMap:
       Attributes = null

MockHttpServletResponse:
           Status = 200
    Error message = null
          Headers = [Vary:"Origin", "Access-Control-Request-Method", "Access-Control-Request-Headers", Content-Type:"application/json", X-Content-Type-Options:"nosniff", X-XSS-Protection:"0", Cache-Control:"no-cache, no-store, max-age=0, must-revalidate", Pragma:"no-cache", Expires:"0", X-Frame-Options:"DENY"]
     Content type = application/json
             Body = {"id":"5120f283-8114-419e-83fd-6486e58fb310","organizationId":"0f43d7cf-0a27-4326-9848-af138205abd6","venueId":"5ae81ebb-5584-4e50-b551-61cd6dd59c3c","sportId":"10000000-0000-0000-0000-000000000001","regulationVersionId":"05ff61bc-832f-414d-8e07-8b2581cc9946","title":"Соревнование с регистрацией","description":"Проверка смены статусов","registrationOpenAt":"2026-08-01T00:00:00Z","registrationCloseAt":"2026-09-20T23:59:59Z","eventStartAt":"2026-10-01T09:00:00Z","eventEndAt":"2026-10-02T18:00:00Z","status":"REGISTRATION_OPEN","publicSlug":"-2b86e09e","settingsJson":"{}","createdAt":"2026-08-30T12:40:06.153765Z","updatedAt":"2026-08-30T12:40:06.153765Z"}
    Forwarded URL = null
   Redirected URL = null
          Cookies = []

MockHttpServletRequest:
      HTTP Method = POST
      Request URI = /api/v1/events/5120f283-8114-419e-83fd-6486e58fb310/close-registration
       Parameters = {_csrf=[F8O6HeDos7nk997eT2_9dDByAYSMFtrLcL6pKNWywiJ434N5JPWDJNDZ0IjJlbzof0LJFwRBLOa7c-zmR9qfG7GL-xFI6eFI]}
          Headers = []
             Body = null
    Session Attrs = {}

Handler:
             Type = com.acme.sportplatform.events.web.EventController
           Method = com.acme.sportplatform.events.web.EventController#closeRegistration(UUID)

Async:
    Async started = false
     Async result = null

Resolved Exception:
             Type = null

ModelAndView:
        View name = null
             View = null
            Model = null

FlashMap:
       Attributes = null

MockHttpServletResponse:
           Status = 200
    Error message = null
          Headers = [Vary:"Origin", "Access-Control-Request-Method", "Access-Control-Request-Headers", Content-Type:"application/json", X-Content-Type-Options:"nosniff", X-XSS-Protection:"0", Cache-Control:"no-cache, no-store, max-age=0, must-revalidate", Pragma:"no-cache", Expires:"0", X-Frame-Options:"DENY"]
     Content type = application/json
             Body = {"id":"5120f283-8114-419e-83fd-6486e58fb310","organizationId":"0f43d7cf-0a27-4326-9848-af138205abd6","venueId":"5ae81ebb-5584-4e50-b551-61cd6dd59c3c","sportId":"10000000-0000-0000-0000-000000000001","regulationVersionId":"05ff61bc-832f-414d-8e07-8b2581cc9946","title":"Соревнование с регистрацией","description":"Проверка смены статусов","registrationOpenAt":"2026-08-01T00:00:00Z","registrationCloseAt":"2026-09-20T23:59:59Z","eventStartAt":"2026-10-01T09:00:00Z","eventEndAt":"2026-10-02T18:00:00Z","status":"REGISTRATION_CLOSED","publicSlug":"-2b86e09e","settingsJson":"{}","createdAt":"2026-08-30T12:40:06.153765Z","updatedAt":"2026-08-30T12:40:06.153765Z"}
    Forwarded URL = null
   Redirected URL = null
          Cookies = []

MockHttpServletRequest:
      HTTP Method = POST
      Request URI = /api/v1/events/5120f283-8114-419e-83fd-6486e58fb310/complete
       Parameters = {_csrf=[KlBvvn0Y6pjz6LIidLiy8qsi6tuzARKUGSp9_f5vT_odxjaGGGcK204s2Kze29AWTZWGxZNGx-OBNiK5ehhNyZhXLp4vpwLj]}
          Headers = []
             Body = null
    Session Attrs = {}

Handler:
             Type = com.acme.sportplatform.events.web.EventController
           Method = com.acme.sportplatform.events.web.EventController#complete(UUID)

Async:
    Async started = false
     Async result = null

Resolved Exception:
             Type = null

ModelAndView:
        View name = null
             View = null
            Model = null

FlashMap:
       Attributes = null

MockHttpServletResponse:
           Status = 200
    Error message = null
          Headers = [Vary:"Origin", "Access-Control-Request-Method", "Access-Control-Request-Headers", Content-Type:"application/json", X-Content-Type-Options:"nosniff", X-XSS-Protection:"0", Cache-Control:"no-cache, no-store, max-age=0, must-revalidate", Pragma:"no-cache", Expires:"0", X-Frame-Options:"DENY"]
     Content type = application/json
             Body = {"id":"5120f283-8114-419e-83fd-6486e58fb310","organizationId":"0f43d7cf-0a27-4326-9848-af138205abd6","venueId":"5ae81ebb-5584-4e50-b551-61cd6dd59c3c","sportId":"10000000-0000-0000-0000-000000000001","regulationVersionId":"05ff61bc-832f-414d-8e07-8b2581cc9946","title":"Соревнование с регистрацией","description":"Проверка смены статусов","registrationOpenAt":"2026-08-01T00:00:00Z","registrationCloseAt":"2026-09-20T23:59:59Z","eventStartAt":"2026-10-01T09:00:00Z","eventEndAt":"2026-10-02T18:00:00Z","status":"COMPLETED","publicSlug":"-2b86e09e","settingsJson":"{}","createdAt":"2026-08-30T12:40:06.153765Z","updatedAt":"2026-08-30T12:40:06.153765Z"}
    Forwarded URL = null
   Redirected URL = null
          Cookies = []

MockHttpServletRequest:
      HTTP Method = GET
      Request URI = /api/v1/events/5120f283-8114-419e-83fd-6486e58fb310
       Parameters = {}
          Headers = []
             Body = null
    Session Attrs = {}

Handler:
             Type = com.acme.sportplatform.events.web.EventController
           Method = com.acme.sportplatform.events.web.EventController#get(UUID)

Async:
    Async started = false
     Async result = null

Resolved Exception:
             Type = null

ModelAndView:
        View name = null
             View = null
            Model = null

FlashMap:
       Attributes = null

MockHttpServletResponse:
           Status = 200
    Error message = null
          Headers = [Vary:"Origin", "Access-Control-Request-Method", "Access-Control-Request-Headers", Content-Type:"application/json", X-Content-Type-Options:"nosniff", X-XSS-Protection:"0", Cache-Control:"no-cache, no-store, max-age=0, must-revalidate", Pragma:"no-cache", Expires:"0", X-Frame-Options:"DENY"]
     Content type = application/json
             Body = {"id":"5120f283-8114-419e-83fd-6486e58fb310","organizationId":"0f43d7cf-0a27-4326-9848-af138205abd6","venueId":"5ae81ebb-5584-4e50-b551-61cd6dd59c3c","sportId":"10000000-0000-0000-0000-000000000001","regulationVersionId":"05ff61bc-832f-414d-8e07-8b2581cc9946","title":"Соревнование с регистрацией","description":"Проверка смены статусов","registrationOpenAt":"2026-08-01T00:00:00Z","registrationCloseAt":"2026-09-20T23:59:59Z","eventStartAt":"2026-10-01T09:00:00Z","eventEndAt":"2026-10-02T18:00:00Z","status":"COMPLETED","publicSlug":"-2b86e09e","settingsJson":"{}","createdAt":"2026-08-30T12:40:06.153765Z","updatedAt":"2026-08-30T12:40:06.153765Z"}
    Forwarded URL = null
   Redirected URL = null
          Cookies = []
]]></system-out>
  </testcase>
</testsuite>