<?xml version="1.0" encoding="UTF-8"?>
<testsuite xmlns:xsi="http://www.w3.org/2001/XMLSchema-instance" xsi:noNamespaceSchemaLocation="https://maven.apache.org/surefire/maven-surefire-plugin/xsd/surefire-test-report.xsd" version="3.0.2" name="com.acme.sportplatform.integration.regulations.RegulationIntegrationTest" time="2.281" tests="2" errors="0" skipped="0" failures="0">
  <properties>
[...]
</properties>
  <testcase name="shouldPublishRegulationVersion" classname="com.acme.sportplatform.integration.regulations.RegulationIntegrationTest" time="0.074">
    <system-out><![CDATA[2026-08-04T19:07:59.666+03:00  INFO 26352 --- [sport-platform] [           main] t.c.s.AnnotationConfigContextLoaderUtils : Could not detect default configuration classes for test class [com.acme.sportplatform.integration.regulations.RegulationIntegrationTest]: RegulationIntegrationTest does not declare any static, non-private, non-final, nested classes annotated with @Configuration.
2026-08-04T19:07:59.677+03:00  INFO 26352 --- [sport-platform] [           main] .b.t.c.SpringBootTestContextBootstrapper : Found @SpringBootConfiguration com.acme.sportplatform.SportPlatformApplication for test class com.acme.sportplatform.integration.regulations.RegulationIntegrationTest
2026-08-04T19:07:59.677+03:00  INFO 26352 --- [sport-platform] [           main] tc.postgres:16                           : Creating container for image: postgres:16
2026-08-04T19:07:59.728+03:00  INFO 26352 --- [sport-platform] [           main] tc.postgres:16                           : Container postgres:16 is starting: 84d35c0f7d757297064541c4ca550469fcf88008f8ab379ee5fd64aa3e48b9fb
2026-08-04T19:08:00.592+03:00  INFO 26352 --- [sport-platform] [           main] tc.postgres:16                           : Container postgres:16 started in PT0.9149779S
2026-08-04T19:08:00.593+03:00  INFO 26352 --- [sport-platform] [           main] tc.postgres:16                           : Container is started (JDBC URL: jdbc:postgresql://localhost:55538/sport_platform_test?loggerLevel=OFF)
Sport Platform

2026-08-04T19:08:00.614+03:00  INFO 26352 --- [sport-platform] [           main] c.a.s.i.r.RegulationIntegrationTest      : Starting RegulationIntegrationTest using Java 25 with PID 26352 (started by Psixowan in C:\Users\Psixowan\Desktop\Flounder\sport-platform)
2026-08-04T19:08:00.614+03:00  INFO 26352 --- [sport-platform] [           main] c.a.s.i.r.RegulationIntegrationTest      : The following 1 profile is active: "test"
2026-08-04T19:08:00.757+03:00  INFO 26352 --- [sport-platform] [           main] .s.d.r.c.RepositoryConfigurationDelegate : Multiple Spring Data modules found, entering strict repository configuration mode
2026-08-04T19:08:00.758+03:00  INFO 26352 --- [sport-platform] [           main] .s.d.r.c.RepositoryConfigurationDelegate : Bootstrapping Spring Data JPA repositories in DEFAULT mode.
2026-08-04T19:08:00.775+03:00  INFO 26352 --- [sport-platform] [           main] .s.d.r.c.RepositoryConfigurationDelegate : Finished Spring Data repository scanning in 16 ms. Found 9 JPA repository interfaces.
2026-08-04T19:08:00.846+03:00  INFO 26352 --- [sport-platform] [           main] org.flywaydb.core.FlywayExecutor         : Database: jdbc:postgresql://localhost:55538/sport_platform_test?loggerLevel=OFF (PostgreSQL 16.14)
2026-08-04T19:08:00.856+03:00  INFO 26352 --- [sport-platform] [           main] o.f.c.i.s.JdbcTableSchemaHistory         : Schema history table "public"."flyway_schema_history" does not exist yet
2026-08-04T19:08:00.857+03:00  INFO 26352 --- [sport-platform] [           main] o.f.core.internal.command.DbValidate     : Successfully validated 6 migrations (execution time 00:00.004s)
2026-08-04T19:08:00.864+03:00  INFO 26352 --- [sport-platform] [           main] o.f.c.i.s.JdbcTableSchemaHistory         : Creating Schema History table "public"."flyway_schema_history" ...
2026-08-04T19:08:00.881+03:00  INFO 26352 --- [sport-platform] [           main] o.f.core.internal.command.DbMigrate      : Current version of schema "public": << Empty Schema >>
2026-08-04T19:08:00.885+03:00  INFO 26352 --- [sport-platform] [           main] o.f.core.internal.command.DbMigrate      : Migrating schema "public" to version "002 - init extensions"
2026-08-04T19:08:00.906+03:00  INFO 26352 --- [sport-platform] [           main] o.f.core.internal.command.DbMigrate      : Migrating schema "public" to version "003 - create event publication"
2026-08-04T19:08:00.918+03:00  INFO 26352 --- [sport-platform] [           main] o.f.core.internal.command.DbMigrate      : Migrating schema "public" to version "005 - user role assignment uniqueness"
2026-08-04T19:08:00.929+03:00  INFO 26352 --- [sport-platform] [           main] o.f.core.internal.command.DbMigrate      : Migrating schema "public" to version "006 - organizations and venues"
2026-08-04T19:08:00.942+03:00  INFO 26352 --- [sport-platform] [           main] o.f.core.internal.command.DbMigrate      : Migrating schema "public" to version "007 - sports and regulations"
2026-08-04T19:08:00.957+03:00  INFO 26352 --- [sport-platform] [           main] o.f.core.internal.command.DbMigrate      : Migrating schema "public" to version "008 - seed sports"
2026-08-04T19:08:00.963+03:00  INFO 26352 --- [sport-platform] [           main] o.f.core.internal.command.DbMigrate      : Successfully applied 6 migrations to schema "public", now at version v008 (execution time 00:00.039s)
2026-08-04T19:08:00.982+03:00  INFO 26352 --- [sport-platform] [           main] o.hibernate.jpa.internal.util.LogHelper  : HHH000204: Processing PersistenceUnitInfo [name: default]
2026-08-04T19:08:00.983+03:00  INFO 26352 --- [sport-platform] [           main] o.h.c.internal.RegionFactoryInitiator    : HHH000026: Second-level cache disabled
2026-08-04T19:08:00.988+03:00  INFO 26352 --- [sport-platform] [           main] o.s.o.j.p.SpringPersistenceUnitInfo      : No LoadTimeWeaver setup: ignoring JPA class transformer
2026-08-04T19:08:00.988+03:00  INFO 26352 --- [sport-platform] [           main] com.zaxxer.hikari.HikariDataSource       : HikariPool-5 - Starting...
2026-08-04T19:08:00.996+03:00  INFO 26352 --- [sport-platform] [           main] com.zaxxer.hikari.pool.HikariPool        : HikariPool-5 - Added connection org.postgresql.jdbc.PgConnection@18338d51
2026-08-04T19:08:00.996+03:00  INFO 26352 --- [sport-platform] [           main] com.zaxxer.hikari.HikariDataSource       : HikariPool-5 - Start completed.
2026-08-04T19:08:00.998+03:00  WARN 26352 --- [sport-platform] [           main] org.hibernate.orm.deprecation            : HHH90000025: PostgreSQLDialect does not need to be specified explicitly using 'hibernate.dialect' (remove the property setting and it will be selected by default)
2026-08-04T19:08:01.000+03:00  INFO 26352 --- [sport-platform] [           main] org.hibernate.orm.connections.pooling    : HHH10001005: Database info:
	Database JDBC URL [Connecting through datasource 'HikariDataSource (HikariPool-5)']
	Database driver: undefined/unknown
	Database version: 16.14
	Autocommit mode: undefined/unknown
	Isolation level: undefined/unknown
	Minimum pool size: undefined/unknown
	Maximum pool size: undefined/unknown
2026-08-04T19:08:01.028+03:00  INFO 26352 --- [sport-platform] [           main] o.h.e.t.j.p.i.JtaPlatformInitiator       : HHH000489: No JTA platform available (set 'hibernate.transaction.jta.platform' to enable JTA platform integration)
2026-08-04T19:08:01.038+03:00  INFO 26352 --- [sport-platform] [           main] j.LocalContainerEntityManagerFactoryBean : Initialized JPA EntityManagerFactory for persistence unit 'default'
2026-08-04T19:08:01.148+03:00  INFO 26352 --- [sport-platform] [           main] eAuthenticationProviderManagerConfigurer : Global AuthenticationManager configured with AuthenticationProvider bean with name daoAuthenticationProvider
2026-08-04T19:08:01.148+03:00  WARN 26352 --- [sport-platform] [           main] r$InitializeUserDetailsManagerConfigurer : Global AuthenticationManager configured with an AuthenticationProvider bean. UserDetailsService beans will not be used by Spring Security for automatically configuring username/password login. Consider removing the AuthenticationProvider bean. Alternatively, consider using the UserDetailsService in a manually instantiated DaoAuthenticationProvider. If the current configuration is intentional, to turn off this warning, increase the logging level of 'org.springframework.security.config.annotation.authentication.configuration.InitializeUserDetailsBeanManagerConfigurer' to ERROR
2026-08-04T19:08:01.337+03:00  INFO 26352 --- [sport-platform] [           main] o.s.b.a.e.web.EndpointLinksResolver      : Exposing 6 endpoints beneath base path '/actuator'
2026-08-04T19:08:01.549+03:00  INFO 26352 --- [sport-platform] [           main] o.s.b.t.m.w.SpringBootMockServletContext : Initializing Spring TestDispatcherServlet ''
2026-08-04T19:08:01.550+03:00  INFO 26352 --- [sport-platform] [           main] o.s.t.web.servlet.TestDispatcherServlet  : Initializing Servlet ''
2026-08-04T19:08:01.550+03:00  INFO 26352 --- [sport-platform] [           main] o.s.t.web.servlet.TestDispatcherServlet  : Completed initialization in 0 ms
2026-08-04T19:08:01.568+03:00  INFO 26352 --- [sport-platform] [           main] o.s.s.config.TaskSchedulerRouter         : No TaskScheduler/ScheduledExecutorService bean found for scheduled processing
2026-08-04T19:08:01.568+03:00  INFO 26352 --- [sport-platform] [           main] c.a.s.i.r.RegulationIntegrationTest      : Started RegulationIntegrationTest in 0.972 seconds (process running for 28.217)

MockHttpServletRequest:
      HTTP Method = POST
      Request URI = /api/v1/regulation-templates
       Parameters = {_csrf=[KDH4jcA5KK52HFWUlKFVC7TPGSsquTcUoSPXCPVFq3SIHpcbTFOe7vZYHpZbf2LxpoxhPoerNBJMiVQ5mEK2O8AgnBC5L_Uo]}
          Headers = [Content-Type:"application/json;charset=UTF-8", Content-Length:"272"]
             Body = {"sportId":"10000000-0000-0000-0000-000000000002","code":"vpiterespasat-2026-publish","name":"ВПИТЕРЕСПАСАТЬ 2026 — бассейн","description":"Регламент соревнований по водно-спасательному многоборью"}
    Session Attrs = {}

Handler:
             Type = com.acme.sportplatform.regulations.web.RegulationController
           Method = com.acme.sportplatform.regulations.web.RegulationController#createTemplate(CreateRegulationTemplateRequest)

Async:
    Async started = false
     Async result = null

Resolved Exception:
             Type = null

ModelAndView:
        View name = null
             View = null
            Model = null

FlashMap:
       Attributes = null

MockHttpServletResponse:
           Status = 200
    Error message = null
          Headers = [Content-Type:"application/json", X-Content-Type-Options:"nosniff", X-XSS-Protection:"0", Cache-Control:"no-cache, no-store, max-age=0, must-revalidate", Pragma:"no-cache", Expires:"0", X-Frame-Options:"DENY"]
     Content type = application/json
             Body = {"id":"d5ee4c50-f7bd-4d8d-95c1-7f6d8afd968e","sportId":"10000000-0000-0000-0000-000000000002","code":"vpiterespasat-2026-publish","name":"ВПИТЕРЕСПАСАТЬ 2026 — бассейн","description":"Регламент соревнований по водно-спасательному многоборью","isActive":true,"createdAt":"2026-08-04T19:08:01.6013964+03:00"}
    Forwarded URL = null
   Redirected URL = null
          Cookies = []

MockHttpServletRequest:
      HTTP Method = POST
      Request URI = /api/v1/regulation-templates/d5ee4c50-f7bd-4d8d-95c1-7f6d8afd968e/versions
       Parameters = {_csrf=[cTgJo3uznDIL39fxIyM2IYE03dBkdhAjYx3XsEfzL0jSEHlKQg9rl06LqlMm7rXDFw4CGbgA8LFQFXIOUHji1XbDSi6wcxp8]}
          Headers = [Content-Type:"application/json;charset=UTF-8", Content-Length:"157"]
             Body = {"versionNo":1,"rulesJson":{"sections":[{"code":"general","title":"Общие положения"}]},"notes":"Черновик","effectiveFrom":"2026-09-01"}
    Session Attrs = {}

Handler:
             Type = com.acme.sportplatform.regulations.web.RegulationController
           Method = com.acme.sportplatform.regulations.web.RegulationController#createVersion(UUID, CreateRegulationVersionRequest)

Async:
    Async started = false
     Async result = null

Resolved Exception:
             Type = null

ModelAndView:
        View name = null
             View = null
            Model = null

FlashMap:
       Attributes = null

MockHttpServletResponse:
           Status = 200
    Error message = null
          Headers = [Content-Type:"application/json", X-Content-Type-Options:"nosniff", X-XSS-Protection:"0", Cache-Control:"no-cache, no-store, max-age=0, must-revalidate", Pragma:"no-cache", Expires:"0", X-Frame-Options:"DENY"]
     Content type = application/json
             Body = {"id":"32490ef3-3e5f-472b-8e9d-131727f61188","regulationTemplateId":"d5ee4c50-f7bd-4d8d-95c1-7f6d8afd968e","versionNo":1,"status":"draft","effectiveFrom":"2026-09-01","rulesJson":{"sections":[{"code":"general","title":"Общие положения"}]},"notes":"Черновик","createdAt":"2026-08-04T19:08:01.6256157+03:00"}
    Forwarded URL = null
   Redirected URL = null
          Cookies = []

MockHttpServletRequest:
      HTTP Method = POST
      Request URI = /api/v1/regulation-versions/32490ef3-3e5f-472b-8e9d-131727f61188/publish
       Parameters = {_csrf=[x00QEhl6mfuS8gNaktbQmiROgKH0SFTeXwvpL6U2HFxOW5fE83goIy1I_c-_xmds8fvk-xR9rZmRejDzb2_YGcFTf293YqP9]}
          Headers = []
             Body = null
    Session Attrs = {}

Handler:
             Type = com.acme.sportplatform.regulations.web.RegulationController
           Method = com.acme.sportplatform.regulations.web.RegulationController#publish(UUID)

Async:
    Async started = false
     Async result = null

Resolved Exception:
             Type = null

ModelAndView:
        View name = null
             View = null
            Model = null

FlashMap:
       Attributes = null

MockHttpServletResponse:
           Status = 200
    Error message = null
          Headers = [Content-Type:"application/json", X-Content-Type-Options:"nosniff", X-XSS-Protection:"0", Cache-Control:"no-cache, no-store, max-age=0, must-revalidate", Pragma:"no-cache", Expires:"0", X-Frame-Options:"DENY"]
     Content type = application/json
             Body = {"id":"32490ef3-3e5f-472b-8e9d-131727f61188","regulationTemplateId":"d5ee4c50-f7bd-4d8d-95c1-7f6d8afd968e","versionNo":1,"status":"published","effectiveFrom":"2026-09-01","rulesJson":{"sections":[{"code":"general","title":"Общие положения"}]},"notes":"Черновик","createdAt":"2026-08-04T16:08:01.625616Z"}
    Forwarded URL = null
   Redirected URL = null
          Cookies = []
]]></system-out>
  </testcase>
  <testcase name="shouldCreateRegulationVersion" classname="com.acme.sportplatform.integration.regulations.RegulationIntegrationTest" time="0.019">
    <system-out><![CDATA[
MockHttpServletRequest:
      HTTP Method = POST
      Request URI = /api/v1/regulation-templates
       Parameters = {_csrf=[DJZIcmfORIJ_mg6eeuznMqeqjGxdQkltESx5kus9Pqo8b5nSO_QuQlH_ILNSrm36ScHTA56SoQ44IH1AJ0pJ8N0KDskIW6q0]}
          Headers = [Content-Type:"application/json;charset=UTF-8", Content-Length:"279"]
             Body = {"sportId":"10000000-0000-0000-0000-000000000002","code":"vpiterespasat-2026-pool-versioned","name":"ВПИТЕРЕСПАСАТЬ 2026 — бассейн","description":"Регламент соревнований по водно-спасательному многоборью"}
    Session Attrs = {}

Handler:
             Type = com.acme.sportplatform.regulations.web.RegulationController
           Method = com.acme.sportplatform.regulations.web.RegulationController#createTemplate(CreateRegulationTemplateRequest)

Async:
    Async started = false
     Async result = null

Resolved Exception:
             Type = null

ModelAndView:
        View name = null
             View = null
            Model = null

FlashMap:
       Attributes = null

MockHttpServletResponse:
           Status = 200
    Error message = null
          Headers = [Content-Type:"application/json", X-Content-Type-Options:"nosniff", X-XSS-Protection:"0", Cache-Control:"no-cache, no-store, max-age=0, must-revalidate", Pragma:"no-cache", Expires:"0", X-Frame-Options:"DENY"]
     Content type = application/json
             Body = {"id":"12cb5269-2341-4bda-a0bb-6ca417454ff2","sportId":"10000000-0000-0000-0000-000000000002","code":"vpiterespasat-2026-pool-versioned","name":"ВПИТЕРЕСПАСАТЬ 2026 — бассейн","description":"Регламент соревнований по водно-спасательному многоборью","isActive":true,"createdAt":"2026-08-04T19:08:01.6498629+03:00"}
    Forwarded URL = null
   Redirected URL = null
          Cookies = []

MockHttpServletRequest:
      HTTP Method = POST
      Request URI = /api/v1/regulation-templates/12cb5269-2341-4bda-a0bb-6ca417454ff2/versions
       Parameters = {_csrf=[G4Y8HjQvPnxIA98PfvCnfxiNJDCzu0Lqo0YxH4wxrL1ElO09fuQILVYfX0xlO-05Hd2TGyi7CVGKgyDHlyNUfLUIzd8not9e]}
          Headers = [Content-Type:"application/json;charset=UTF-8", Content-Length:"170"]
             Body = {"versionNo":1,"rulesJson":{"sections":[{"code":"general","title":"Общие положения"}]},"notes":"Первая редакция","effectiveFrom":"2026-09-01"}
    Session Attrs = {}

Handler:
             Type = com.acme.sportplatform.regulations.web.RegulationController
           Method = com.acme.sportplatform.regulations.web.RegulationController#createVersion(UUID, CreateRegulationVersionRequest)

Async:
    Async started = false
     Async result = null

Resolved Exception:
             Type = null

ModelAndView:
        View name = null
             View = null
            Model = null

FlashMap:
       Attributes = null

MockHttpServletResponse:
           Status = 200
    Error message = null
          Headers = [Content-Type:"application/json", X-Content-Type-Options:"nosniff", X-XSS-Protection:"0", Cache-Control:"no-cache, no-store, max-age=0, must-revalidate", Pragma:"no-cache", Expires:"0", X-Frame-Options:"DENY"]
     Content type = application/json
             Body = {"id":"8152e2d3-f6c5-42be-b9bd-b3dba418cc57","regulationTemplateId":"12cb5269-2341-4bda-a0bb-6ca417454ff2","versionNo":1,"status":"draft","effectiveFrom":"2026-09-01","rulesJson":{"sections":[{"code":"general","title":"Общие положения"}]},"notes":"Первая редакция","createdAt":"2026-08-04T19:08:01.6572079+03:00"}
    Forwarded URL = null
   Redirected URL = null
          Cookies = []
]]></system-out>
  </testcase>
</testsuite>