<?xml version="1.0" encoding="UTF-8"?>
<testsuite xmlns:xsi="http://www.w3.org/2001/XMLSchema-instance" xsi:noNamespaceSchemaLocation="https://maven.apache.org/surefire/maven-surefire-plugin/xsd/surefire-test-report.xsd" version="3.0.2" name="com.acme.sportplatform.integration.events.EventIntegrationTest" time="4.433" tests="2" errors="0" skipped="0" failures="0">
  <properties>
[...]
</properties>
  <testcase name="shouldCreateAndPublishEvent" classname="com.acme.sportplatform.integration.events.EventIntegrationTest" time="0.206">
    <system-out><![CDATA[2026-09-19T20:27:45.731+03:00  INFO 35860 --- [sport-platform] [           main] t.c.s.AnnotationConfigContextLoaderUtils : Could not detect default configuration classes for test class [com.acme.sportplatform.integration.events.EventIntegrationTest]: EventIntegrationTest does not declare any static, non-private, non-final, nested classes annotated with @Configuration.
2026-09-19T20:27:45.759+03:00  INFO 35860 --- [sport-platform] [           main] .b.t.c.SpringBootTestContextBootstrapper : Found @SpringBootConfiguration com.acme.sportplatform.SportPlatformApplication for test class com.acme.sportplatform.integration.events.EventIntegrationTest
2026-09-19T20:27:45.760+03:00  INFO 35860 --- [sport-platform] [           main] tc.postgres:16                           : Creating container for image: postgres:16
2026-09-19T20:27:45.844+03:00  INFO 35860 --- [sport-platform] [           main] tc.postgres:16                           : Container postgres:16 is starting: fc6c0270cc03fc52506c18275226c0a81b7cd45a5619bc00e4951d39e709a681
2026-09-19T20:27:47.018+03:00  INFO 35860 --- [sport-platform] [           main] tc.postgres:16                           : Container postgres:16 started in PT1.257483S
2026-09-19T20:27:47.018+03:00  INFO 35860 --- [sport-platform] [           main] tc.postgres:16                           : Container is started (JDBC URL: jdbc:postgresql://localhost:50938/sport_platform_test?loggerLevel=OFF)
Sport Platform

2026-09-19T20:27:47.065+03:00  INFO 35860 --- [sport-platform] [           main] c.a.s.i.events.EventIntegrationTest      : Starting EventIntegrationTest using Java 25 with PID 35860 (started by Psixowan in C:\Users\Psixowan\Desktop\Flounder\sport-platform)
2026-09-19T20:27:47.065+03:00  INFO 35860 --- [sport-platform] [           main] c.a.s.i.events.EventIntegrationTest      : The following 1 profile is active: "test"
2026-09-19T20:27:47.412+03:00  INFO 35860 --- [sport-platform] [           main] .s.d.r.c.RepositoryConfigurationDelegate : Multiple Spring Data modules found, entering strict repository configuration mode
2026-09-19T20:27:47.413+03:00  INFO 35860 --- [sport-platform] [           main] .s.d.r.c.RepositoryConfigurationDelegate : Bootstrapping Spring Data JPA repositories in DEFAULT mode.
2026-09-19T20:27:47.477+03:00  INFO 35860 --- [sport-platform] [           main] .s.d.r.c.RepositoryConfigurationDelegate : Finished Spring Data repository scanning in 62 ms. Found 18 JPA repository interfaces.
2026-09-19T20:27:47.612+03:00  INFO 35860 --- [sport-platform] [           main] org.flywaydb.core.FlywayExecutor         : Database: jdbc:postgresql://localhost:50938/sport_platform_test?loggerLevel=OFF (PostgreSQL 16.14)
2026-09-19T20:27:47.632+03:00  INFO 35860 --- [sport-platform] [           main] o.f.c.i.s.JdbcTableSchemaHistory         : Schema history table "public"."flyway_schema_history" does not exist yet
2026-09-19T20:27:47.632+03:00  INFO 35860 --- [sport-platform] [           main] o.f.core.internal.command.DbValidate     : Successfully validated 14 migrations (execution time 00:00.010s)
2026-09-19T20:27:47.638+03:00  INFO 35860 --- [sport-platform] [           main] o.f.c.i.s.JdbcTableSchemaHistory         : Creating Schema History table "public"."flyway_schema_history" ...
2026-09-19T20:27:47.655+03:00  INFO 35860 --- [sport-platform] [           main] o.f.core.internal.command.DbMigrate      : Current version of schema "public": << Empty Schema >>
2026-09-19T20:27:47.660+03:00  INFO 35860 --- [sport-platform] [           main] o.f.core.internal.command.DbMigrate      : Migrating schema "public" to version "002 - init extensions"
2026-09-19T20:27:47.681+03:00  INFO 35860 --- [sport-platform] [           main] o.f.core.internal.command.DbMigrate      : Migrating schema "public" to version "003 - create event publication"
2026-09-19T20:27:47.693+03:00  INFO 35860 --- [sport-platform] [           main] o.f.core.internal.command.DbMigrate      : Migrating schema "public" to version "005 - user role assignment uniqueness"
2026-09-19T20:27:47.702+03:00  INFO 35860 --- [sport-platform] [           main] o.f.core.internal.command.DbMigrate      : Migrating schema "public" to version "006 - organizations and venues"
2026-09-19T20:27:47.715+03:00  INFO 35860 --- [sport-platform] [           main] o.f.core.internal.command.DbMigrate      : Migrating schema "public" to version "007 - sports and regulations"
2026-09-19T20:27:47.732+03:00  INFO 35860 --- [sport-platform] [           main] o.f.core.internal.command.DbMigrate      : Migrating schema "public" to version "008 - seed sports"
2026-09-19T20:27:47.743+03:00  INFO 35860 --- [sport-platform] [           main] o.f.core.internal.command.DbMigrate      : Migrating schema "public" to version "009 - create events"
2026-09-19T20:27:47.754+03:00  INFO 35860 --- [sport-platform] [           main] o.f.core.internal.command.DbMigrate      : Migrating schema "public" to version "010 - create event disciplines"
2026-09-19T20:27:47.765+03:00  INFO 35860 --- [sport-platform] [           main] o.f.core.internal.command.DbMigrate      : Migrating schema "public" to version "011 - create registrations"
2026-09-19T20:27:47.780+03:00  INFO 35860 --- [sport-platform] [           main] o.f.core.internal.command.DbMigrate      : Migrating schema "public" to version "012 - add entry fee to event disciplines"
2026-09-19T20:27:47.791+03:00  INFO 35860 --- [sport-platform] [           main] o.f.core.internal.command.DbMigrate      : Migrating schema "public" to version "013 - create payments"
2026-09-19T20:27:47.805+03:00  INFO 35860 --- [sport-platform] [           main] o.f.core.internal.command.DbMigrate      : Migrating schema "public" to version "014 - registrations reviewNote"
2026-09-19T20:27:47.806+03:00  WARN 35860 --- [sport-platform] [           main] o.f.c.i.s.DefaultSqlScriptExecutor       : DB: relation "idx_registrations_status" already exists, skipping (SQL State: 42P07 - Error Code: 0)
2026-09-19T20:27:47.817+03:00  INFO 35860 --- [sport-platform] [           main] o.f.core.internal.command.DbMigrate      : Migrating schema "public" to version "015 - create competition units"
2026-09-19T20:27:47.834+03:00  INFO 35860 --- [sport-platform] [           main] o.f.core.internal.command.DbMigrate      : Migrating schema "public" to version "016 - add optimistic locking to results"
2026-09-19T20:27:47.867+03:00  INFO 35860 --- [sport-platform] [           main] o.f.core.internal.command.DbMigrate      : Successfully applied 14 migrations to schema "public", now at version v016 (execution time 00:00.076s)
2026-09-19T20:27:47.931+03:00  INFO 35860 --- [sport-platform] [           main] o.hibernate.jpa.internal.util.LogHelper  : HHH000204: Processing PersistenceUnitInfo [name: default]
2026-09-19T20:27:47.933+03:00  INFO 35860 --- [sport-platform] [           main] o.h.c.internal.RegionFactoryInitiator    : HHH000026: Second-level cache disabled
2026-09-19T20:27:47.941+03:00  INFO 35860 --- [sport-platform] [           main] o.s.o.j.p.SpringPersistenceUnitInfo      : No LoadTimeWeaver setup: ignoring JPA class transformer
2026-09-19T20:27:47.943+03:00  INFO 35860 --- [sport-platform] [           main] com.zaxxer.hikari.HikariDataSource       : HikariPool-3 - Starting...
2026-09-19T20:27:47.951+03:00  INFO 35860 --- [sport-platform] [           main] com.zaxxer.hikari.pool.HikariPool        : HikariPool-3 - Added connection org.postgresql.jdbc.PgConnection@4ad3f425
2026-09-19T20:27:47.952+03:00  INFO 35860 --- [sport-platform] [           main] com.zaxxer.hikari.HikariDataSource       : HikariPool-3 - Start completed.
2026-09-19T20:27:47.953+03:00  WARN 35860 --- [sport-platform] [           main] org.hibernate.orm.deprecation            : HHH90000025: PostgreSQLDialect does not need to be specified explicitly using 'hibernate.dialect' (remove the property setting and it will be selected by default)
2026-09-19T20:27:47.955+03:00  INFO 35860 --- [sport-platform] [           main] org.hibernate.orm.connections.pooling    : HHH10001005: Database info:
	Database JDBC URL [Connecting through datasource 'HikariDataSource (HikariPool-3)']
	Database driver: undefined/unknown
	Database version: 16.14
	Autocommit mode: undefined/unknown
	Isolation level: undefined/unknown
	Minimum pool size: undefined/unknown
	Maximum pool size: undefined/unknown
2026-09-19T20:27:48.046+03:00  INFO 35860 --- [sport-platform] [           main] o.h.e.t.j.p.i.JtaPlatformInitiator       : HHH000489: No JTA platform available (set 'hibernate.transaction.jta.platform' to enable JTA platform integration)
2026-09-19T20:27:48.061+03:00  INFO 35860 --- [sport-platform] [           main] j.LocalContainerEntityManagerFactoryBean : Initialized JPA EntityManagerFactory for persistence unit 'default'
2026-09-19T20:27:48.468+03:00  INFO 35860 --- [sport-platform] [           main] eAuthenticationProviderManagerConfigurer : Global AuthenticationManager configured with AuthenticationProvider bean with name daoAuthenticationProvider
2026-09-19T20:27:48.468+03:00  WARN 35860 --- [sport-platform] [           main] r$InitializeUserDetailsManagerConfigurer : Global AuthenticationManager configured with an AuthenticationProvider bean. UserDetailsService beans will not be used by Spring Security for automatically configuring username/password login. Consider removing the AuthenticationProvider bean. Alternatively, consider using the UserDetailsService in a manually instantiated DaoAuthenticationProvider. If the current configuration is intentional, to turn off this warning, increase the logging level of 'org.springframework.security.config.annotation.authentication.configuration.InitializeUserDetailsBeanManagerConfigurer' to ERROR
2026-09-19T20:27:48.963+03:00  INFO 35860 --- [sport-platform] [           main] o.s.b.a.e.web.EndpointLinksResolver      : Exposing 6 endpoints beneath base path '/actuator'
2026-09-19T20:27:49.390+03:00  INFO 35860 --- [sport-platform] [           main] o.s.b.t.m.w.SpringBootMockServletContext : Initializing Spring TestDispatcherServlet ''
2026-09-19T20:27:49.392+03:00  INFO 35860 --- [sport-platform] [           main] o.s.t.web.servlet.TestDispatcherServlet  : Initializing Servlet ''
2026-09-19T20:27:49.393+03:00  INFO 35860 --- [sport-platform] [           main] o.s.t.web.servlet.TestDispatcherServlet  : Completed initialization in 1 ms
2026-09-19T20:27:49.436+03:00  INFO 35860 --- [sport-platform] [           main] o.s.s.config.TaskSchedulerRouter         : No TaskScheduler/ScheduledExecutorService bean found for scheduled processing
2026-09-19T20:27:49.437+03:00  INFO 35860 --- [sport-platform] [           main] c.a.s.i.events.EventIntegrationTest      : Started EventIntegrationTest in 2.413 seconds (process running for 21.145)

MockHttpServletRequest:
      HTTP Method = POST
      Request URI = /api/v1/organizations
       Parameters = {_csrf=[HKtGSGmVTE3__KXw24fWe6mcalomd_LwVv4Ya4gFtX5GGFd6fp12Kln0LX3SxZHI6KriGs2qRzsVFZbdYJ15WbFn1kcifmVI]}
          Headers = [Content-Type:"application/json;charset=UTF-8", Content-Length:"129"]
             Body = {"type":"organizer","name":"Организатор Event IT","contactEmail":"events-it@example.com","contactPhone":"79990001122"}
    Session Attrs = {}

Handler:
             Type = com.acme.sportplatform.organizations.web.OrganizationController
           Method = com.acme.sportplatform.organizations.web.OrganizationController#createOrganization(CreateOrganizationRequest)

Async:
    Async started = false
     Async result = null

Resolved Exception:
             Type = null

ModelAndView:
        View name = null
             View = null
            Model = null

FlashMap:
       Attributes = null

MockHttpServletResponse:
           Status = 200
    Error message = null
          Headers = [Vary:"Origin", "Access-Control-Request-Method", "Access-Control-Request-Headers", Content-Type:"application/json", X-Content-Type-Options:"nosniff", X-XSS-Protection:"0", Cache-Control:"no-cache, no-store, max-age=0, must-revalidate", Pragma:"no-cache", Expires:"0", X-Frame-Options:"DENY"]
     Content type = application/json
             Body = {"id":"8cb53985-473c-436e-adea-72b8df01aa30","type":"organizer","name":"Организатор Event IT","contactEmail":"events-it@example.com","contactPhone":"79990001122","createdAt":"2026-09-19T17:27:49.4693637Z","updatedAt":"2026-09-19T17:27:49.4693637Z"}
    Forwarded URL = null
   Redirected URL = null
          Cookies = []

MockHttpServletRequest:
      HTTP Method = POST
      Request URI = /api/v1/venues
       Parameters = {_csrf=[3hyLG4YSRTxLEMR26dc5MDb0SkY4JJkrgodNDRRkMNTRJNGsvCu9f7ElIF1mJP0Sj_oNBwbDZ38IQqEGtbcsOXdcVLHgE-Gd]}
          Headers = [Content-Type:"application/json;charset=UTF-8", Content-Length:"175"]
             Body = {"name":"Бассейн Олимп","countryCode":"RU","city":"Санкт-Петербург","address":"проспект Спортивный, 10","timezone":"Europe/Moscow"}
    Session Attrs = {}

Handler:
             Type = com.acme.sportplatform.organizations.web.VenueController
           Method = com.acme.sportplatform.organizations.web.VenueController#createVenue(CreateVenueRequest)

Async:
    Async started = false
     Async result = null

Resolved Exception:
             Type = null

ModelAndView:
        View name = null
             View = null
            Model = null

FlashMap:
       Attributes = null

MockHttpServletResponse:
           Status = 200
    Error message = null
          Headers = [Vary:"Origin", "Access-Control-Request-Method", "Access-Control-Request-Headers", Content-Type:"application/json", X-Content-Type-Options:"nosniff", X-XSS-Protection:"0", Cache-Control:"no-cache, no-store, max-age=0, must-revalidate", Pragma:"no-cache", Expires:"0", X-Frame-Options:"DENY"]
     Content type = application/json
             Body = {"id":"50c112e5-c350-4f81-8d53-59d0b2da4a71","name":"Бассейн Олимп","countryCode":"RU","city":"Санкт-Петербург","address":"проспект Спортивный, 10","timezone":"Europe/Moscow"}
    Forwarded URL = null
   Redirected URL = null
          Cookies = []

MockHttpServletRequest:
      HTTP Method = POST
      Request URI = /api/v1/regulation-templates
       Parameters = {_csrf=[oEExB8jdc14euqoo45MJPzrvuiyu-iimps-HrEIk5ZCSTudnlXNQN63uRmYziZMc1749BlzWl06WyByLkP7mm3cT16b2LYVf]}
          Headers = [Content-Type:"application/json;charset=UTF-8", Content-Length:"208"]
             Body = {
  "sportId": "10000000-0000-0000-0000-000000000001",
  "code": "events-1100a143",
  "name": "Регламент Event IT",
  "description": "Шаблон регламента для EventIntegrationTest"
}

    Session Attrs = {}

Handler:
             Type = com.acme.sportplatform.regulations.web.RegulationController
           Method = com.acme.sportplatform.regulations.web.RegulationController#createTemplate(CreateRegulationTemplateRequest)

Async:
    Async started = false
     Async result = null

Resolved Exception:
             Type = null

ModelAndView:
        View name = null
             View = null
            Model = null

FlashMap:
       Attributes = null

MockHttpServletResponse:
           Status = 200
    Error message = null
          Headers = [Vary:"Origin", "Access-Control-Request-Method", "Access-Control-Request-Headers", Content-Type:"application/json", X-Content-Type-Options:"nosniff", X-XSS-Protection:"0", Cache-Control:"no-cache, no-store, max-age=0, must-revalidate", Pragma:"no-cache", Expires:"0", X-Frame-Options:"DENY"]
     Content type = application/json
             Body = {"id":"f7c275a6-23cf-43eb-bd56-b0c11d56d8be","sportId":"10000000-0000-0000-0000-000000000001","code":"events-1100a143","name":"Регламент Event IT","description":"Шаблон регламента для EventIntegrationTest","isActive":true,"createdAt":"2026-09-19T17:27:49.5249884Z"}
    Forwarded URL = null
   Redirected URL = null
          Cookies = []

MockHttpServletRequest:
      HTTP Method = POST
      Request URI = /api/v1/regulation-templates/f7c275a6-23cf-43eb-bd56-b0c11d56d8be/versions
       Parameters = {_csrf=[tGaT4ujAFBaTNIadpLzLqgdDyFfg1A9alDSOIBlYxrEmU0ew1lHxh9ChIyW-UbD8lJH_zzZy5W_R4Gp39QfvGSs69YISMCLT]}
          Headers = [Content-Type:"application/json;charset=UTF-8", Content-Length:"156"]
             Body = {
  "versionNo": 1,
  "rulesJson": {
    "sections": []
  },
  "notes": "Регламент для EventIntegrationTest",
  "effectiveFrom": "2026-09-01"
}

    Session Attrs = {}

Handler:
             Type = com.acme.sportplatform.regulations.web.RegulationController
           Method = com.acme.sportplatform.regulations.web.RegulationController#createVersion(UUID, CreateRegulationVersionRequest)

Async:
    Async started = false
     Async result = null

Resolved Exception:
             Type = null

ModelAndView:
        View name = null
             View = null
            Model = null

FlashMap:
       Attributes = null

MockHttpServletResponse:
           Status = 200
    Error message = null
          Headers = [Vary:"Origin", "Access-Control-Request-Method", "Access-Control-Request-Headers", Content-Type:"application/json", X-Content-Type-Options:"nosniff", X-XSS-Protection:"0", Cache-Control:"no-cache, no-store, max-age=0, must-revalidate", Pragma:"no-cache", Expires:"0", X-Frame-Options:"DENY"]
     Content type = application/json
             Body = {"id":"00fc54d4-e913-4e9c-9357-39e1d3fc1774","regulationTemplateId":"f7c275a6-23cf-43eb-bd56-b0c11d56d8be","versionNo":1,"status":"draft","effectiveFrom":"2026-09-01","rulesJson":{"sections":[]},"notes":"Регламент для EventIntegrationTest","createdAt":"2026-09-19T17:27:49.5521312Z"}
    Forwarded URL = null
   Redirected URL = null
          Cookies = []

MockHttpServletRequest:
      HTTP Method = POST
      Request URI = /api/v1/regulation-versions/00fc54d4-e913-4e9c-9357-39e1d3fc1774/publish
       Parameters = {_csrf=[adfx_Ok56NsE7vGoFDhDvpzqpvTabOzwzMmFm-ch-hAyDnQmWuOSxYpY0eMpjJXKJhV3hv6Li8y-XI7d-fqyooIQwiBTO0VH]}
          Headers = []
             Body = null
    Session Attrs = {}

Handler:
             Type = com.acme.sportplatform.regulations.web.RegulationController
           Method = com.acme.sportplatform.regulations.web.RegulationController#publish(UUID)

Async:
    Async started = false
     Async result = null

Resolved Exception:
             Type = null

ModelAndView:
        View name = null
             View = null
            Model = null

FlashMap:
       Attributes = null

MockHttpServletResponse:
           Status = 200
    Error message = null
          Headers = [Vary:"Origin", "Access-Control-Request-Method", "Access-Control-Request-Headers", Content-Type:"application/json", X-Content-Type-Options:"nosniff", X-XSS-Protection:"0", Cache-Control:"no-cache, no-store, max-age=0, must-revalidate", Pragma:"no-cache", Expires:"0", X-Frame-Options:"DENY"]
     Content type = application/json
             Body = {"id":"00fc54d4-e913-4e9c-9357-39e1d3fc1774","regulationTemplateId":"f7c275a6-23cf-43eb-bd56-b0c11d56d8be","versionNo":1,"status":"published","effectiveFrom":"2026-09-01","rulesJson":{"sections":[]},"notes":"Регламент для EventIntegrationTest","createdAt":"2026-09-19T17:27:49.552131Z"}
    Forwarded URL = null
   Redirected URL = null
          Cookies = []

MockHttpServletRequest:
      HTTP Method = POST
      Request URI = /api/v1/events
       Parameters = {_csrf=[HCpEbUAdFBb-U1vikKMPqIDmFZxWMZ_PRVaxSdA4Y-oSeELJeBhzVCZ_JybTNj7VoI47yeTWOKRkB6biJzOCceYAUosiHXr9]}
          Headers = [Content-Type:"application/json;charset=UTF-8", Content-Length:"483"]
             Body = {"organizationId":"8cb53985-473c-436e-adea-72b8df01aa30","venueId":"50c112e5-c350-4f81-8d53-59d0b2da4a71","sportId":"10000000-0000-0000-0000-000000000001","regulationVersionId":"00fc54d4-e913-4e9c-9357-39e1d3fc1774","title":"Кубок города по плаванию","description":"Тестовое событие","registrationOpenAt":"2026-08-01T00:00:00Z","registrationCloseAt":"2026-09-20T23:59:59Z","eventStartAt":"2026-10-01T09:00:00Z","eventEndAt":"2026-10-02T18:00:00Z"}
    Session Attrs = {}

Handler:
             Type = com.acme.sportplatform.events.web.EventController
           Method = com.acme.sportplatform.events.web.EventController#create(CreateEventRequest)

Async:
    Async started = false
     Async result = null

Resolved Exception:
             Type = null

ModelAndView:
        View name = null
             View = null
            Model = null

FlashMap:
       Attributes = null

MockHttpServletResponse:
           Status = 200
    Error message = null
          Headers = [Vary:"Origin", "Access-Control-Request-Method", "Access-Control-Request-Headers", Content-Type:"application/json", X-Content-Type-Options:"nosniff", X-XSS-Protection:"0", Cache-Control:"no-cache, no-store, max-age=0, must-revalidate", Pragma:"no-cache", Expires:"0", X-Frame-Options:"DENY"]
     Content type = application/json
             Body = {"id":"438b5112-1389-4e88-9b47-ed34b9b11be7","organizationId":"8cb53985-473c-436e-adea-72b8df01aa30","venueId":"50c112e5-c350-4f81-8d53-59d0b2da4a71","sportId":"10000000-0000-0000-0000-000000000001","regulationVersionId":"00fc54d4-e913-4e9c-9357-39e1d3fc1774","title":"Кубок города по плаванию","description":"Тестовое событие","registrationOpenAt":"2026-08-01T00:00:00Z","registrationCloseAt":"2026-09-20T23:59:59Z","eventStartAt":"2026-10-01T09:00:00Z","eventEndAt":"2026-10-02T18:00:00Z","status":"DRAFT","publicSlug":"-8ea4bdbf","settingsJson":"{}","createdAt":"2026-09-19T17:27:49.5973964Z","updatedAt":"2026-09-19T17:27:49.5973964Z","disciplines":[]}
    Forwarded URL = null
   Redirected URL = null
          Cookies = []

MockHttpServletRequest:
      HTTP Method = POST
      Request URI = /api/v1/events/438b5112-1389-4e88-9b47-ed34b9b11be7/publish
       Parameters = {_csrf=[zrRJpgZ8Jl__MeXjoXEqRzZPefZ2Pxfi01odRIAWRZk57Pwt_NVwljZNEGrSUofUw1wecgcrVJdGCyHPtz57JrckdqgM3MlL]}
          Headers = []
             Body = null
    Session Attrs = {}

Handler:
             Type = com.acme.sportplatform.events.web.EventController
           Method = com.acme.sportplatform.events.web.EventController#publish(UUID)

Async:
    Async started = false
     Async result = null

Resolved Exception:
             Type = null

ModelAndView:
        View name = null
             View = null
            Model = null

FlashMap:
       Attributes = null

MockHttpServletResponse:
           Status = 200
    Error message = null
          Headers = [Vary:"Origin", "Access-Control-Request-Method", "Access-Control-Request-Headers", Content-Type:"application/json", X-Content-Type-Options:"nosniff", X-XSS-Protection:"0", Cache-Control:"no-cache, no-store, max-age=0, must-revalidate", Pragma:"no-cache", Expires:"0", X-Frame-Options:"DENY"]
     Content type = application/json
             Body = {"id":"438b5112-1389-4e88-9b47-ed34b9b11be7","organizationId":"8cb53985-473c-436e-adea-72b8df01aa30","venueId":"50c112e5-c350-4f81-8d53-59d0b2da4a71","sportId":"10000000-0000-0000-0000-000000000001","regulationVersionId":"00fc54d4-e913-4e9c-9357-39e1d3fc1774","title":"Кубок города по плаванию","description":"Тестовое событие","registrationOpenAt":"2026-08-01T00:00:00Z","registrationCloseAt":"2026-09-20T23:59:59Z","eventStartAt":"2026-10-01T09:00:00Z","eventEndAt":"2026-10-02T18:00:00Z","status":"PUBLISHED","publicSlug":"-8ea4bdbf","settingsJson":"{}","createdAt":"2026-09-19T17:27:49.597396Z","updatedAt":"2026-09-19T17:27:49.597396Z","disciplines":[]}
    Forwarded URL = null
   Redirected URL = null
          Cookies = []

MockHttpServletRequest:
      HTTP Method = GET
      Request URI = /api/v1/events/438b5112-1389-4e88-9b47-ed34b9b11be7
       Parameters = {}
          Headers = []
             Body = null
    Session Attrs = {}

Handler:
             Type = com.acme.sportplatform.events.web.EventController
           Method = com.acme.sportplatform.events.web.EventController#get(UUID)

Async:
    Async started = false
     Async result = null

Resolved Exception:
             Type = null

ModelAndView:
        View name = null
             View = null
            Model = null

FlashMap:
       Attributes = null

MockHttpServletResponse:
           Status = 200
    Error message = null
          Headers = [Vary:"Origin", "Access-Control-Request-Method", "Access-Control-Request-Headers", Content-Type:"application/json", X-Content-Type-Options:"nosniff", X-XSS-Protection:"0", Cache-Control:"no-cache, no-store, max-age=0, must-revalidate", Pragma:"no-cache", Expires:"0", X-Frame-Options:"DENY"]
     Content type = application/json
             Body = {"id":"438b5112-1389-4e88-9b47-ed34b9b11be7","organizationId":"8cb53985-473c-436e-adea-72b8df01aa30","venueId":"50c112e5-c350-4f81-8d53-59d0b2da4a71","sportId":"10000000-0000-0000-0000-000000000001","regulationVersionId":"00fc54d4-e913-4e9c-9357-39e1d3fc1774","title":"Кубок города по плаванию","description":"Тестовое событие","registrationOpenAt":"2026-08-01T00:00:00Z","registrationCloseAt":"2026-09-20T23:59:59Z","eventStartAt":"2026-10-01T09:00:00Z","eventEndAt":"2026-10-02T18:00:00Z","status":"PUBLISHED","publicSlug":"-8ea4bdbf","settingsJson":"{}","createdAt":"2026-09-19T17:27:49.597396Z","updatedAt":"2026-09-19T17:27:49.597396Z","disciplines":[]}
    Forwarded URL = null
   Redirected URL = null
          Cookies = []
]]></system-out>
  </testcase>
  <testcase name="shouldOpenCloseRegistrationAndCompleteEvent" classname="com.acme.sportplatform.integration.events.EventIntegrationTest" time="0.122">
    <system-out><![CDATA[
MockHttpServletRequest:
      HTTP Method = POST
      Request URI = /api/v1/organizations
       Parameters = {_csrf=[aAr8NE69ADTLjFXx3qmP7LEFjGkwL-xiOlg_3Gul5VlYgpsKWznKBCjZZlXmv2fI5oS724g8oQsAGdhPDGoIuA2c0mA-4Khr]}
          Headers = [Content-Type:"application/json;charset=UTF-8", Content-Length:"129"]
             Body = {"type":"organizer","name":"Организатор Event IT","contactEmail":"events-it@example.com","contactPhone":"79990001122"}
    Session Attrs = {}

Handler:
             Type = com.acme.sportplatform.organizations.web.OrganizationController
           Method = com.acme.sportplatform.organizations.web.OrganizationController#createOrganization(CreateOrganizationRequest)

Async:
    Async started = false
     Async result = null

Resolved Exception:
             Type = null

ModelAndView:
        View name = null
             View = null
            Model = null

FlashMap:
       Attributes = null

MockHttpServletResponse:
           Status = 200
    Error message = null
          Headers = [Vary:"Origin", "Access-Control-Request-Method", "Access-Control-Request-Headers", Content-Type:"application/json", X-Content-Type-Options:"nosniff", X-XSS-Protection:"0", Cache-Control:"no-cache, no-store, max-age=0, must-revalidate", Pragma:"no-cache", Expires:"0", X-Frame-Options:"DENY"]
     Content type = application/json
             Body = {"id":"2667cffb-5dc2-462d-87c2-944a949203c1","type":"organizer","name":"Организатор Event IT","contactEmail":"events-it@example.com","contactPhone":"79990001122","createdAt":"2026-09-19T17:27:49.6526075Z","updatedAt":"2026-09-19T17:27:49.6526075Z"}
    Forwarded URL = null
   Redirected URL = null
          Cookies = []

MockHttpServletRequest:
      HTTP Method = POST
      Request URI = /api/v1/venues
       Parameters = {_csrf=[MwlmV1Shjc_5F2aizsXx7V-KaWK6GE_1WhUv6VrYRum5AimhVT0AMjLCtP_UcgCR9-jF3GnoRAOKennYbnEc32vud43fYRyT]}
          Headers = [Content-Type:"application/json;charset=UTF-8", Content-Length:"175"]
             Body = {"name":"Бассейн Олимп","countryCode":"RU","city":"Санкт-Петербург","address":"проспект Спортивный, 10","timezone":"Europe/Moscow"}
    Session Attrs = {}

Handler:
             Type = com.acme.sportplatform.organizations.web.VenueController
           Method = com.acme.sportplatform.organizations.web.VenueController#createVenue(CreateVenueRequest)

Async:
    Async started = false
     Async result = null

Resolved Exception:
             Type = null

ModelAndView:
        View name = null
             View = null
            Model = null

FlashMap:
       Attributes = null

MockHttpServletResponse:
           Status = 200
    Error message = null
          Headers = [Vary:"Origin", "Access-Control-Request-Method", "Access-Control-Request-Headers", Content-Type:"application/json", X-Content-Type-Options:"nosniff", X-XSS-Protection:"0", Cache-Control:"no-cache, no-store, max-age=0, must-revalidate", Pragma:"no-cache", Expires:"0", X-Frame-Options:"DENY"]
     Content type = application/json
             Body = {"id":"c1b113b3-a97b-429b-abc4-0a94a169c2e7","name":"Бассейн Олимп","countryCode":"RU","city":"Санкт-Петербург","address":"проспект Спортивный, 10","timezone":"Europe/Moscow"}
    Forwarded URL = null
   Redirected URL = null
          Cookies = []

MockHttpServletRequest:
      HTTP Method = POST
      Request URI = /api/v1/regulation-templates
       Parameters = {_csrf=[RfWhip5Y5e9mfkJrjDGpUHxFdVTZTbUZlPu7RaDnTzTTZn8Bcc3E7Kpr19tLGnIO6BydNBokWDbteoU0o5mLI5SCLVLmVkY0]}
          Headers = [Content-Type:"application/json;charset=UTF-8", Content-Length:"208"]
             Body = {
  "sportId": "10000000-0000-0000-0000-000000000001",
  "code": "events-367fd7f0",
  "name": "Регламент Event IT",
  "description": "Шаблон регламента для EventIntegrationTest"
}

    Session Attrs = {}

Handler:
             Type = com.acme.sportplatform.regulations.web.RegulationController
           Method = com.acme.sportplatform.regulations.web.RegulationController#createTemplate(CreateRegulationTemplateRequest)

Async:
    Async started = false
     Async result = null

Resolved Exception:
             Type = null

ModelAndView:
        View name = null
             View = null
            Model = null

FlashMap:
       Attributes = null

MockHttpServletResponse:
           Status = 200
    Error message = null
          Headers = [Vary:"Origin", "Access-Control-Request-Method", "Access-Control-Request-Headers", Content-Type:"application/json", X-Content-Type-Options:"nosniff", X-XSS-Protection:"0", Cache-Control:"no-cache, no-store, max-age=0, must-revalidate", Pragma:"no-cache", Expires:"0", X-Frame-Options:"DENY"]
     Content type = application/json
             Body = {"id":"74c02bf9-9ad2-45fd-b15f-dfafc9204593","sportId":"10000000-0000-0000-0000-000000000001","code":"events-367fd7f0","name":"Регламент Event IT","description":"Шаблон регламента для EventIntegrationTest","isActive":true,"createdAt":"2026-09-19T17:27:49.673548Z"}
    Forwarded URL = null
   Redirected URL = null
          Cookies = []

MockHttpServletRequest:
      HTTP Method = POST
      Request URI = /api/v1/regulation-templates/74c02bf9-9ad2-45fd-b15f-dfafc9204593/versions
       Parameters = {_csrf=[Qc9UcUlQ1geABKl3DYGE1ETNLJvOI8yiijEHaPyGI8ebE0xHdKxsQ3pn4zStNs9DNaywsn38AfmtFq6P7AI1DZqxEqL-Knx_]}
          Headers = [Content-Type:"application/json;charset=UTF-8", Content-Length:"156"]
             Body = {
  "versionNo": 1,
  "rulesJson": {
    "sections": []
  },
  "notes": "Регламент для EventIntegrationTest",
  "effectiveFrom": "2026-09-01"
}

    Session Attrs = {}

Handler:
             Type = com.acme.sportplatform.regulations.web.RegulationController
           Method = com.acme.sportplatform.regulations.web.RegulationController#createVersion(UUID, CreateRegulationVersionRequest)

Async:
    Async started = false
     Async result = null

Resolved Exception:
             Type = null

ModelAndView:
        View name = null
             View = null
            Model = null

FlashMap:
       Attributes = null

MockHttpServletResponse:
           Status = 200
    Error message = null
          Headers = [Vary:"Origin", "Access-Control-Request-Method", "Access-Control-Request-Headers", Content-Type:"application/json", X-Content-Type-Options:"nosniff", X-XSS-Protection:"0", Cache-Control:"no-cache, no-store, max-age=0, must-revalidate", Pragma:"no-cache", Expires:"0", X-Frame-Options:"DENY"]
     Content type = application/json
             Body = {"id":"2638f060-b557-41cd-9232-6a32f0aab07b","regulationTemplateId":"74c02bf9-9ad2-45fd-b15f-dfafc9204593","versionNo":1,"status":"draft","effectiveFrom":"2026-09-01","rulesJson":{"sections":[]},"notes":"Регламент для EventIntegrationTest","createdAt":"2026-09-19T17:27:49.6857742Z"}
    Forwarded URL = null
   Redirected URL = null
          Cookies = []

MockHttpServletRequest:
      HTTP Method = POST
      Request URI = /api/v1/regulation-versions/2638f060-b557-41cd-9232-6a32f0aab07b/publish
       Parameters = {_csrf=[MwepPpGZ7EMhedPhGYbf5KIeQwYO7sMnsL-xMMsAJ_6HvUmNUmOdBvP_jiIMG7fVIavr05QsbmQ92vcK1tnXAqpjQs_jjHro]}
          Headers = []
             Body = null
    Session Attrs = {}

Handler:
             Type = com.acme.sportplatform.regulations.web.RegulationController
           Method = com.acme.sportplatform.regulations.web.RegulationController#publish(UUID)

Async:
    Async started = false
     Async result = null

Resolved Exception:
             Type = null

ModelAndView:
        View name = null
             View = null
            Model = null

FlashMap:
       Attributes = null

MockHttpServletResponse:
           Status = 200
    Error message = null
          Headers = [Vary:"Origin", "Access-Control-Request-Method", "Access-Control-Request-Headers", Content-Type:"application/json", X-Content-Type-Options:"nosniff", X-XSS-Protection:"0", Cache-Control:"no-cache, no-store, max-age=0, must-revalidate", Pragma:"no-cache", Expires:"0", X-Frame-Options:"DENY"]
     Content type = application/json
             Body = {"id":"2638f060-b557-41cd-9232-6a32f0aab07b","regulationTemplateId":"74c02bf9-9ad2-45fd-b15f-dfafc9204593","versionNo":1,"status":"published","effectiveFrom":"2026-09-01","rulesJson":{"sections":[]},"notes":"Регламент для EventIntegrationTest","createdAt":"2026-09-19T17:27:49.685774Z"}
    Forwarded URL = null
   Redirected URL = null
          Cookies = []

MockHttpServletRequest:
      HTTP Method = POST
      Request URI = /api/v1/events
       Parameters = {_csrf=[IDUSxcdG8nKVtZP9Ttd0nRh1kpZOYhAUHxlq2Dro-TqQDbc9EgN3p_Ukwxa4g_fKfPpAr31Mv_R2UCk5fSlavQPfyQzxaIQE]}
          Headers = [Content-Type:"application/json;charset=UTF-8", Content-Length:"503"]
             Body = {"organizationId":"2667cffb-5dc2-462d-87c2-944a949203c1","venueId":"c1b113b3-a97b-429b-abc4-0a94a169c2e7","sportId":"10000000-0000-0000-0000-000000000001","regulationVersionId":"2638f060-b557-41cd-9232-6a32f0aab07b","title":"Соревнование с регистрацией","description":"Проверка смены статусов","registrationOpenAt":"2026-08-01T00:00:00Z","registrationCloseAt":"2026-09-20T23:59:59Z","eventStartAt":"2026-10-01T09:00:00Z","eventEndAt":"2026-10-02T18:00:00Z"}
    Session Attrs = {}

Handler:
             Type = com.acme.sportplatform.events.web.EventController
           Method = com.acme.sportplatform.events.web.EventController#create(CreateEventRequest)

Async:
    Async started = false
     Async result = null

Resolved Exception:
             Type = null

ModelAndView:
        View name = null
             View = null
            Model = null

FlashMap:
       Attributes = null

MockHttpServletResponse:
           Status = 200
    Error message = null
          Headers = [Vary:"Origin", "Access-Control-Request-Method", "Access-Control-Request-Headers", Content-Type:"application/json", X-Content-Type-Options:"nosniff", X-XSS-Protection:"0", Cache-Control:"no-cache, no-store, max-age=0, must-revalidate", Pragma:"no-cache", Expires:"0", X-Frame-Options:"DENY"]
     Content type = application/json
             Body = {"id":"d1cbdae8-41b2-465c-814c-b5ef9216406d","organizationId":"2667cffb-5dc2-462d-87c2-944a949203c1","venueId":"c1b113b3-a97b-429b-abc4-0a94a169c2e7","sportId":"10000000-0000-0000-0000-000000000001","regulationVersionId":"2638f060-b557-41cd-9232-6a32f0aab07b","title":"Соревнование с регистрацией","description":"Проверка смены статусов","registrationOpenAt":"2026-08-01T00:00:00Z","registrationCloseAt":"2026-09-20T23:59:59Z","eventStartAt":"2026-10-01T09:00:00Z","eventEndAt":"2026-10-02T18:00:00Z","status":"DRAFT","publicSlug":"-9da4d913","settingsJson":"{}","createdAt":"2026-09-19T17:27:49.7081411Z","updatedAt":"2026-09-19T17:27:49.7081411Z","disciplines":[]}
    Forwarded URL = null
   Redirected URL = null
          Cookies = []

MockHttpServletRequest:
      HTTP Method = POST
      Request URI = /api/v1/events/d1cbdae8-41b2-465c-814c-b5ef9216406d/publish
       Parameters = {_csrf=[IJ5wjs1BCupcTptyDBqhbrFTMSkafHiVMJAC1kbeh7KzqFblGKpGuvwkb95xfaMQOjeVWNNjHBEqHUm4AKJh4nPpstbRkTPd]}
          Headers = []
             Body = null
    Session Attrs = {}

Handler:
             Type = com.acme.sportplatform.events.web.EventController
           Method = com.acme.sportplatform.events.web.EventController#publish(UUID)

Async:
    Async started = false
     Async result = null

Resolved Exception:
             Type = null

ModelAndView:
        View name = null
             View = null
            Model = null

FlashMap:
       Attributes = null

MockHttpServletResponse:
           Status = 200
    Error message = null
          Headers = [Vary:"Origin", "Access-Control-Request-Method", "Access-Control-Request-Headers", Content-Type:"application/json", X-Content-Type-Options:"nosniff", X-XSS-Protection:"0", Cache-Control:"no-cache, no-store, max-age=0, must-revalidate", Pragma:"no-cache", Expires:"0", X-Frame-Options:"DENY"]
     Content type = application/json
             Body = {"id":"d1cbdae8-41b2-465c-814c-b5ef9216406d","organizationId":"2667cffb-5dc2-462d-87c2-944a949203c1","venueId":"c1b113b3-a97b-429b-abc4-0a94a169c2e7","sportId":"10000000-0000-0000-0000-000000000001","regulationVersionId":"2638f060-b557-41cd-9232-6a32f0aab07b","title":"Соревнование с регистрацией","description":"Проверка смены статусов","registrationOpenAt":"2026-08-01T00:00:00Z","registrationCloseAt":"2026-09-20T23:59:59Z","eventStartAt":"2026-10-01T09:00:00Z","eventEndAt":"2026-10-02T18:00:00Z","status":"PUBLISHED","publicSlug":"-9da4d913","settingsJson":"{}","createdAt":"2026-09-19T17:27:49.708141Z","updatedAt":"2026-09-19T17:27:49.708141Z","disciplines":[]}
    Forwarded URL = null
   Redirected URL = null
          Cookies = []

MockHttpServletRequest:
      HTTP Method = POST
      Request URI = /api/v1/events/d1cbdae8-41b2-465c-814c-b5ef9216406d/open-registration
       Parameters = {_csrf=[VpVGxVfOretyPSpqHVzbGO1_vhK-iMDvBhxg70QuimP0c1kBNaMipGaryY5fWR9SJHHvINpKk3OKvvLCNyUF3HRL7FCSSj03]}
          Headers = []
             Body = null
    Session Attrs = {}

Handler:
             Type = com.acme.sportplatform.events.web.EventController
           Method = com.acme.sportplatform.events.web.EventController#openRegistration(UUID)

Async:
    Async started = false
     Async result = null

Resolved Exception:
             Type = null

ModelAndView:
        View name = null
             View = null
            Model = null

FlashMap:
       Attributes = null

MockHttpServletResponse:
           Status = 200
    Error message = null
          Headers = [Vary:"Origin", "Access-Control-Request-Method", "Access-Control-Request-Headers", Content-Type:"application/json", X-Content-Type-Options:"nosniff", X-XSS-Protection:"0", Cache-Control:"no-cache, no-store, max-age=0, must-revalidate", Pragma:"no-cache", Expires:"0", X-Frame-Options:"DENY"]
     Content type = application/json
             Body = {"id":"d1cbdae8-41b2-465c-814c-b5ef9216406d","organizationId":"2667cffb-5dc2-462d-87c2-944a949203c1","venueId":"c1b113b3-a97b-429b-abc4-0a94a169c2e7","sportId":"10000000-0000-0000-0000-000000000001","regulationVersionId":"2638f060-b557-41cd-9232-6a32f0aab07b","title":"Соревнование с регистрацией","description":"Проверка смены статусов","registrationOpenAt":"2026-08-01T00:00:00Z","registrationCloseAt":"2026-09-20T23:59:59Z","eventStartAt":"2026-10-01T09:00:00Z","eventEndAt":"2026-10-02T18:00:00Z","status":"REGISTRATION_OPEN","publicSlug":"-9da4d913","settingsJson":"{}","createdAt":"2026-09-19T17:27:49.708141Z","updatedAt":"2026-09-19T17:27:49.708141Z","disciplines":[]}
    Forwarded URL = null
   Redirected URL = null
          Cookies = []

MockHttpServletRequest:
      HTTP Method = POST
      Request URI = /api/v1/events/d1cbdae8-41b2-465c-814c-b5ef9216406d/close-registration
       Parameters = {_csrf=[0RRUb4ujBx0kzvvHlZK35FaDplFv6zbyw7vEMJP90huLRPtD4CcwDr6QYSgJrMmlor-D0GKxizMMiQ7f99jwAKPP6yy4fZ8i]}
          Headers = []
             Body = null
    Session Attrs = {}

Handler:
             Type = com.acme.sportplatform.events.web.EventController
           Method = com.acme.sportplatform.events.web.EventController#closeRegistration(UUID)

Async:
    Async started = false
     Async result = null

Resolved Exception:
             Type = null

ModelAndView:
        View name = null
             View = null
            Model = null

FlashMap:
       Attributes = null

MockHttpServletResponse:
           Status = 200
    Error message = null
          Headers = [Vary:"Origin", "Access-Control-Request-Method", "Access-Control-Request-Headers", Content-Type:"application/json", X-Content-Type-Options:"nosniff", X-XSS-Protection:"0", Cache-Control:"no-cache, no-store, max-age=0, must-revalidate", Pragma:"no-cache", Expires:"0", X-Frame-Options:"DENY"]
     Content type = application/json
             Body = {"id":"d1cbdae8-41b2-465c-814c-b5ef9216406d","organizationId":"2667cffb-5dc2-462d-87c2-944a949203c1","venueId":"c1b113b3-a97b-429b-abc4-0a94a169c2e7","sportId":"10000000-0000-0000-0000-000000000001","regulationVersionId":"2638f060-b557-41cd-9232-6a32f0aab07b","title":"Соревнование с регистрацией","description":"Проверка смены статусов","registrationOpenAt":"2026-08-01T00:00:00Z","registrationCloseAt":"2026-09-20T23:59:59Z","eventStartAt":"2026-10-01T09:00:00Z","eventEndAt":"2026-10-02T18:00:00Z","status":"REGISTRATION_CLOSED","publicSlug":"-9da4d913","settingsJson":"{}","createdAt":"2026-09-19T17:27:49.708141Z","updatedAt":"2026-09-19T17:27:49.708141Z","disciplines":[]}
    Forwarded URL = null
   Redirected URL = null
          Cookies = []

MockHttpServletRequest:
      HTTP Method = POST
      Request URI = /api/v1/events/d1cbdae8-41b2-465c-814c-b5ef9216406d/complete
       Parameters = {_csrf=[GbcRD7x-bYWlQGQbNIInpZaDMTBqa-ZoykXeO1dgxghBWeC-KdQlPI8bX7CIeFUpBK8Tk_K3HAkMW4JF_SPoXjJT8mkkYYKK]}
          Headers = []
             Body = null
    Session Attrs = {}

Handler:
             Type = com.acme.sportplatform.events.web.EventController
           Method = com.acme.sportplatform.events.web.EventController#complete(UUID)

Async:
    Async started = false
     Async result = null

Resolved Exception:
             Type = null

ModelAndView:
        View name = null
             View = null
            Model = null

FlashMap:
       Attributes = null

MockHttpServletResponse:
           Status = 200
    Error message = null
          Headers = [Vary:"Origin", "Access-Control-Request-Method", "Access-Control-Request-Headers", Content-Type:"application/json", X-Content-Type-Options:"nosniff", X-XSS-Protection:"0", Cache-Control:"no-cache, no-store, max-age=0, must-revalidate", Pragma:"no-cache", Expires:"0", X-Frame-Options:"DENY"]
     Content type = application/json
             Body = {"id":"d1cbdae8-41b2-465c-814c-b5ef9216406d","organizationId":"2667cffb-5dc2-462d-87c2-944a949203c1","venueId":"c1b113b3-a97b-429b-abc4-0a94a169c2e7","sportId":"10000000-0000-0000-0000-000000000001","regulationVersionId":"2638f060-b557-41cd-9232-6a32f0aab07b","title":"Соревнование с регистрацией","description":"Проверка смены статусов","registrationOpenAt":"2026-08-01T00:00:00Z","registrationCloseAt":"2026-09-20T23:59:59Z","eventStartAt":"2026-10-01T09:00:00Z","eventEndAt":"2026-10-02T18:00:00Z","status":"COMPLETED","publicSlug":"-9da4d913","settingsJson":"{}","createdAt":"2026-09-19T17:27:49.708141Z","updatedAt":"2026-09-19T17:27:49.708141Z","disciplines":[]}
    Forwarded URL = null
   Redirected URL = null
          Cookies = []

MockHttpServletRequest:
      HTTP Method = GET
      Request URI = /api/v1/events/d1cbdae8-41b2-465c-814c-b5ef9216406d
       Parameters = {}
          Headers = []
             Body = null
    Session Attrs = {}

Handler:
             Type = com.acme.sportplatform.events.web.EventController
           Method = com.acme.sportplatform.events.web.EventController#get(UUID)

Async:
    Async started = false
     Async result = null

Resolved Exception:
             Type = null

ModelAndView:
        View name = null
             View = null
            Model = null

FlashMap:
       Attributes = null

MockHttpServletResponse:
           Status = 200
    Error message = null
          Headers = [Vary:"Origin", "Access-Control-Request-Method", "Access-Control-Request-Headers", Content-Type:"application/json", X-Content-Type-Options:"nosniff", X-XSS-Protection:"0", Cache-Control:"no-cache, no-store, max-age=0, must-revalidate", Pragma:"no-cache", Expires:"0", X-Frame-Options:"DENY"]
     Content type = application/json
             Body = {"id":"d1cbdae8-41b2-465c-814c-b5ef9216406d","organizationId":"2667cffb-5dc2-462d-87c2-944a949203c1","venueId":"c1b113b3-a97b-429b-abc4-0a94a169c2e7","sportId":"10000000-0000-0000-0000-000000000001","regulationVersionId":"2638f060-b557-41cd-9232-6a32f0aab07b","title":"Соревнование с регистрацией","description":"Проверка смены статусов","registrationOpenAt":"2026-08-01T00:00:00Z","registrationCloseAt":"2026-09-20T23:59:59Z","eventStartAt":"2026-10-01T09:00:00Z","eventEndAt":"2026-10-02T18:00:00Z","status":"COMPLETED","publicSlug":"-9da4d913","settingsJson":"{}","createdAt":"2026-09-19T17:27:49.708141Z","updatedAt":"2026-09-19T17:27:49.708141Z","disciplines":[]}
    Forwarded URL = null
   Redirected URL = null
          Cookies = []
]]></system-out>
  </testcase>
</testsuite>