<?xml version="1.0" encoding="UTF-8"?>
<testsuite xmlns:xsi="http://www.w3.org/2001/XMLSchema-instance" xsi:noNamespaceSchemaLocation="https://maven.apache.org/surefire/maven-surefire-plugin/xsd/surefire-test-report.xsd" version="3.0.2" name="com.acme.sportplatform.architecture.ArchitectureTest" time="1.395" tests="1" errors="1" skipped="0" failures="0">
  <properties>
[...]
</properties>
  <testcase name="verifiesModularStructure" classname="com.acme.sportplatform.architecture.ArchitectureTest" time="1.378">
    <error message="- Cycle detected: Slice competition -&gt; &#10;                Slice events -&gt; &#10;                Slice competition&#10;  1. Dependencies of Slice competition&#10;    - Constructor &lt;com.acme.sportplatform.competition.application.CreateEventDisciplineUseCase.&lt;init&gt;(com.acme.sportplatform.competition.infrastructure.jpa.EventDisciplineRepository, com.acme.sportplatform.events.EventLookup, com.acme.sportplatform.sports.DisciplineTemplateLookup, com.acme.sportplatform.competition.application.EventDisciplineMapper)&gt; has parameter of type &lt;com.acme.sportplatform.events.EventLookup&gt; in (CreateEventDisciplineUseCase.java:0)&#10;    - Constructor &lt;com.acme.sportplatform.competition.application.PublicEventCatalogQueryService.&lt;init&gt;(com.acme.sportplatform.events.EventPublicLookup, com.acme.sportplatform.competition.infrastructure.jpa.EventDisciplineRepository)&gt; has parameter of type &lt;com.acme.sportplatform.events.EventPublicLookup&gt; in (PublicEventCatalogQueryService.java:0)&#10;    - Field &lt;com.acme.sportplatform.competition.application.CreateEventDisciplineUseCase.eventLookup&gt; has type &lt;com.acme.sportplatform.events.EventLookup&gt; in (CreateEventDisciplineUseCase.java:0)&#10;    - Field &lt;com.acme.sportplatform.competition.application.PublicEventCatalogQueryService.eventPublicLookup&gt; has type &lt;com.acme.sportplatform.events.EventPublicLookup&gt; in (PublicEventCatalogQueryService.java:0)&#10;    - Method &lt;com.acme.sportplatform.competition.application.PublicEventCatalogQueryService.toListItem(com.acme.sportplatform.events.EventPublicLookupResult)&gt; has parameter of type &lt;com.acme.sportplatform.events.EventPublicLookupResult&gt; in (PublicEventCatalogQueryService.java:0)&#10;    - Method &lt;com.acme.sportplatform.competition.application.PublicEventCatalogQueryService.list()&gt; calls method &lt;com.acme.sportplatform.events.EventPublicLookup.listPublicEvents()&gt; in (PublicEventCatalogQueryService.java:34)&#10;    - Method &lt;com.acme.sportplatform.competition.application.PublicEventCatalogQueryService.getByPublicSlug(java.lang.String)&gt; calls method &lt;com.acme.sportplatform.events.EventPublicLookup.getPublicBySlug(java.lang.String)&gt; in (PublicEventCatalogQueryService.java:44)&#10;    - Method &lt;com.acme.sportplatform.competition.application.PublicEventCatalogQueryService.getByPublicSlug(java.lang.String)&gt; calls method &lt;com.acme.sportplatform.events.EventPublicLookupResult.id()&gt; in (PublicEventCatalogQueryService.java:49)&#10;    - Method &lt;com.acme.sportplatform.competition.application.CreateEventDisciplineUseCase.execute(java.util.UUID, com.acme.sportplatform.competition.api.CreateEventDisciplineRequest)&gt; calls method &lt;com.acme.sportplatform.events.EventLookup.getById(java.util.UUID)&gt; in (CreateEventDisciplineUseCase.java:50)&#10;    - Method &lt;com.acme.sportplatform.competition.application.PublicEventCatalogQueryService.getByPublicSlug(java.lang.String)&gt; calls method &lt;com.acme.sportplatform.events.EventPublicLookupResult.id()&gt; in (PublicEventCatalogQueryService.java:57)&#10;    - Method &lt;com.acme.sportplatform.competition.application.CreateEventDisciplineUseCase.execute(java.util.UUID, com.acme.sportplatform.competition.api.CreateEventDisciplineRequest)&gt; calls method &lt;com.acme.sportplatform.events.EventLookupResult.status()&gt; in (CreateEventDisciplineUseCase.java:58)&#10;    - Method &lt;com.acme.sportplatform.competition.application.PublicEventCatalogQueryService.getByPublicSlug(java.lang.String)&gt; calls method &lt;com.acme.sportplatform.events.EventPublicLookupResult.sportId()&gt; in (PublicEventCatalogQueryService.java:58)&#10;    - Method &lt;com.acme.sportplatform.competition.application.PublicEventCatalogQueryService.getByPublicSlug(java.lang.String)&gt; calls method &lt;com.acme.sportplatform.events.EventPublicLookupResult.title()&gt; in (PublicEventCatalogQueryService.java:59)&#10;    - Method &lt;com.acme.sportplatform.competition.application.PublicEventCatalogQueryService.getByPublicSlug(java.lang.String)&gt; calls method &lt;com.acme.sportplatform.events.EventPublicLookupResult.description()&gt; in (PublicEventCatalogQueryService.java:60)&#10;    - Method &lt;com.acme.sportplatform.competition.application.PublicEventCatalogQueryService.getByPublicSlug(java.lang.String)&gt; calls method &lt;com.acme.sportplatform.events.EventPublicLookupResult.registrationOpenAt()&gt; in (PublicEventCatalogQueryService.java:61)&#10;    - Method &lt;com.acme.sportplatform.competition.application.PublicEventCatalogQueryService.getByPublicSlug(java.lang.String)&gt; calls method &lt;com.acme.sportplatform.events.EventPublicLookupResult.registrationCloseAt()&gt; in (PublicEventCatalogQueryService.java:62)&#10;    - Method &lt;com.acme.sportplatform.competition.application.PublicEventCatalogQueryService.getByPublicSlug(java.lang.String)&gt; calls method &lt;com.acme.sportplatform.events.EventPublicLookupResult.eventStartAt()&gt; in (PublicEventCatalogQueryService.java:63)&#10;    - Method &lt;com.acme.sportplatform.competition.application.PublicEventCatalogQueryService.getByPublicSlug(java.lang.String)&gt; calls method &lt;com.acme.sportplatform.events.EventPublicLookupResult.eventEndAt()&gt; in (PublicEventCatalogQueryService.java:64)&#10;    - Method &lt;com.acme.sportplatform.competition.application.PublicEventCatalogQueryService.getByPublicSlug(java.lang.String)&gt; calls method &lt;com.acme.sportplatform.events.EventPublicLookupResult.status()&gt; in (PublicEventCatalogQueryService.java:65)&#10;    - Method &lt;com.acme.sportplatform.competition.application.PublicEventCatalogQueryService.getByPublicSlug(java.lang.String)&gt; calls method &lt;com.acme.sportplatform.events.EventPublicLookupResult.publicSlug()&gt; in (PublicEventCatalogQueryService.java:66)&#10;    (11 further dependencies have been omitted...)&#10;  2. Dependencies of Slice events&#10;    - Constructor &lt;com.acme.sportplatform.events.application.EventMapper.&lt;init&gt;(com.acme.sportplatform.competition.EventDisciplineLookup)&gt; has parameter of type &lt;com.acme.sportplatform.competition.EventDisciplineLookup&gt; in (EventMapper.java:0)&#10;    - Field &lt;com.acme.sportplatform.events.application.EventMapper.eventDisciplineLookup&gt; has type &lt;com.acme.sportplatform.competition.EventDisciplineLookup&gt; in (EventMapper.java:0)&#10;    - Method &lt;com.acme.sportplatform.events.application.EventMapper.toDisciplineResponse(com.acme.sportplatform.competition.EventDisciplineSummary)&gt; has parameter of type &lt;com.acme.sportplatform.competition.EventDisciplineSummary&gt; in (EventMapper.java:0)&#10;    - Method &lt;com.acme.sportplatform.events.application.EventMapper.toResponse(com.acme.sportplatform.events.infrastructure.persistence.entity.EventEntity)&gt; calls method &lt;com.acme.sportplatform.competition.EventDisciplineLookup.findByEventId(java.util.UUID)&gt; in (EventMapper.java:23)&#10;    - Method &lt;com.acme.sportplatform.events.application.EventMapper.toDisciplineResponse(com.acme.sportplatform.competition.EventDisciplineSummary)&gt; calls method &lt;com.acme.sportplatform.competition.EventDisciplineSummary.id()&gt; in (EventMapper.java:53)&#10;    - Method &lt;com.acme.sportplatform.events.application.EventMapper.toDisciplineResponse(com.acme.sportplatform.competition.EventDisciplineSummary)&gt; calls method &lt;com.acme.sportplatform.competition.EventDisciplineSummary.code()&gt; in (EventMapper.java:54)&#10;    - Method &lt;com.acme.sportplatform.events.application.EventMapper.toDisciplineResponse(com.acme.sportplatform.competition.EventDisciplineSummary)&gt; calls method &lt;com.acme.sportplatform.competition.EventDisciplineSummary.name()&gt; in (EventMapper.java:55)&#10;    - Method &lt;com.acme.sportplatform.events.application.EventMapper.toDisciplineResponse(com.acme.sportplatform.competition.EventDisciplineSummary)&gt; calls method &lt;com.acme.sportplatform.competition.EventDisciplineSummary.competitionFormat()&gt; in (EventMapper.java:56)&#10;    - Method &lt;com.acme.sportplatform.events.application.EventMapper.toDisciplineResponse(com.acme.sportplatform.competition.EventDisciplineSummary)&gt; calls method &lt;com.acme.sportplatform.competition.EventDisciplineSummary.unitType()&gt; in (EventMapper.java:57)&#10;    - Method &lt;com.acme.sportplatform.events.application.EventMapper.toDisciplineResponse(com.acme.sportplatform.competition.EventDisciplineSummary)&gt; calls method &lt;com.acme.sportplatform.competition.EventDisciplineSummary.resultType()&gt; in (EventMapper.java:58)&#10;    - Method &lt;com.acme.sportplatform.events.application.EventMapper.toDisciplineResponse(com.acme.sportplatform.competition.EventDisciplineSummary)&gt; calls method &lt;com.acme.sportplatform.competition.EventDisciplineSummary.rankingStrategy()&gt; in (EventMapper.java:59)&#10;    - Method &lt;com.acme.sportplatform.events.application.EventMapper.toDisciplineResponse(com.acme.sportplatform.competition.EventDisciplineSummary)&gt; calls method &lt;com.acme.sportplatform.competition.EventDisciplineSummary.participantLimit()&gt; in (EventMapper.java:60)&#10;    - Method &lt;com.acme.sportplatform.events.application.EventMapper.toDisciplineResponse(com.acme.sportplatform.competition.EventDisciplineSummary)&gt; calls method &lt;com.acme.sportplatform.competition.EventDisciplineSummary.entryFeeAmount()&gt; in (EventMapper.java:61)&#10;    - Method &lt;com.acme.sportplatform.events.application.EventMapper.toDisciplineResponse(com.acme.sportplatform.competition.EventDisciplineSummary)&gt; calls method &lt;com.acme.sportplatform.competition.EventDisciplineSummary.entryFeeCurrency()&gt; in (EventMapper.java:62)&#10;    - Method &lt;com.acme.sportplatform.events.application.EventMapper.toDisciplineResponse(com.acme.sportplatform.competition.EventDisciplineSummary)&gt; calls method &lt;com.acme.sportplatform.competition.EventDisciplineSummary.settingsJson()&gt; in (EventMapper.java:63)&#10;- Module &apos;payments&apos; depends on non-exposed type com.acme.sportplatform.registrations.infrastructure.jpa.RegistrationRepository within module &apos;registrations&apos;!&#10;GetPaymentForRegistrationUseCase declares constructor GetPaymentForRegistrationUseCase(RegistrationRepository, PaymentRepository, PaymentMapper) in (GetPaymentForRegistrationUseCase.java:0)&#10;- Module &apos;payments&apos; depends on non-exposed type com.acme.sportplatform.registrations.infrastructure.jpa.RegistrationRepository within module &apos;registrations&apos;!&#10;Method &lt;com.acme.sportplatform.payments.application.GetPaymentForRegistrationUseCase.execute(java.util.UUID, java.util.UUID)&gt; calls method &lt;com.acme.sportplatform.registrations.infrastructure.jpa.RegistrationRepository.findById(java.lang.Object)&gt; in (GetPaymentForRegistrationUseCase.java:35)&#10;- Module &apos;payments&apos; depends on non-exposed type com.acme.sportplatform.registrations.infrastructure.jpa.RegistrationEntity within module &apos;registrations&apos;!&#10;Method &lt;com.acme.sportplatform.payments.application.GetPaymentForRegistrationUseCase.execute(java.util.UUID, java.util.UUID)&gt; calls method &lt;com.acme.sportplatform.registrations.infrastructure.jpa.RegistrationEntity.getParticipantUserId()&gt; in (GetPaymentForRegistrationUseCase.java:41)&#10;- Module &apos;payments&apos; depends on non-exposed type com.acme.sportplatform.registrations.infrastructure.jpa.RegistrationRepository within module &apos;registrations&apos;!&#10;Field &lt;com.acme.sportplatform.payments.application.GetPaymentForRegistrationUseCase.registrationRepository&gt; has type &lt;com.acme.sportplatform.registrations.infrastructure.jpa.RegistrationRepository&gt; in (GetPaymentForRegistrationUseCase.java:0)&#10;- Module &apos;payments&apos; depends on non-exposed type com.acme.sportplatform.registrations.infrastructure.jpa.RegistrationRepository within module &apos;registrations&apos;!&#10;Constructor &lt;com.acme.sportplatform.payments.application.GetPaymentForRegistrationUseCase.&lt;init&gt;(com.acme.sportplatform.registrations.infrastructure.jpa.RegistrationRepository, com.acme.sportplatform.payments.infrastructure.jpa.PaymentRepository, com.acme.sportplatform.payments.application.PaymentMapper)&gt; has parameter of type &lt;com.acme.sportplatform.registrations.infrastructure.jpa.RegistrationRepository&gt; in (GetPaymentForRegistrationUseCase.java:0)&#10;- Module &apos;results&apos; depends on non-exposed type com.acme.sportplatform.registrations.infrastructure.jpa.RegistrationRepository within module &apos;registrations&apos;!&#10;AssignRegistrationToUnitUseCase declares constructor AssignRegistrationToUnitUseCase(CompetitionUnitRepository, CompetitionUnitEntryRepository, RegistrationRepository) in (AssignRegistrationToUnitUseCase.java:0)&#10;- Module &apos;results&apos; depends on non-exposed type com.acme.sportplatform.registrations.domain.RegistrationStatus within module &apos;registrations&apos;!&#10;Method &lt;com.acme.sportplatform.results.application.AssignRegistrationToUnitUseCase.execute(java.util.UUID, java.util.UUID, java.lang.Integer)&gt; gets field &lt;com.acme.sportplatform.registrations.domain.RegistrationStatus.CONFIRMED&gt; in (AssignRegistrationToUnitUseCase.java:55)&#10;- Module &apos;results&apos; depends on non-exposed type com.acme.sportplatform.registrations.domain.RegistrationStatus within module &apos;registrations&apos;!&#10;Method &lt;com.acme.sportplatform.results.application.AssignRegistrationToUnitUseCase.execute(java.util.UUID, java.util.UUID, java.lang.Integer)&gt; calls method &lt;com.acme.sportplatform.registrations.domain.RegistrationStatus.name()&gt; in (AssignRegistrationToUnitUseCase.java:55)&#10;- Module &apos;results&apos; depends on non-exposed type com.acme.sportplatform.registrations.infrastructure.jpa.RegistrationEntity within module &apos;registrations&apos;!&#10;Method &lt;com.acme.sportplatform.results.application.AssignRegistrationToUnitUseCase.execute(java.util.UUID, java.util.UUID, java.lang.Integer)&gt; calls method &lt;com.acme.sportplatform.registrations.infrastructure.jpa.RegistrationEntity.getStatus()&gt; in (AssignRegistrationToUnitUseCase.java:56)&#10;- Module &apos;results&apos; depends on non-exposed type com.acme.sportplatform.registrations.infrastructure.jpa.RegistrationRepository within module &apos;registrations&apos;!&#10;Method &lt;com.acme.sportplatform.results.application.AssignRegistrationToUnitUseCase.execute(java.util.UUID, java.util.UUID, java.lang.Integer)&gt; calls method &lt;com.acme.sportplatform.registrations.infrastructure.jpa.RegistrationRepository.findById(java.lang.Object)&gt; in (AssignRegistrationToUnitUseCase.java:49)&#10;- Module &apos;results&apos; depends on non-exposed type com.acme.sportplatform.registrations.infrastructure.jpa.RegistrationEntity within module &apos;registrations&apos;!&#10;Method &lt;com.acme.sportplatform.results.application.AssignRegistrationToUnitUseCase.execute(java.util.UUID, java.util.UUID, java.lang.Integer)&gt; calls method &lt;com.acme.sportplatform.registrations.infrastructure.jpa.RegistrationEntity.getEventDisciplineId()&gt; in (AssignRegistrationToUnitUseCase.java:65)&#10;- Module &apos;results&apos; depends on non-exposed type com.acme.sportplatform.registrations.infrastructure.jpa.RegistrationRepository within module &apos;registrations&apos;!&#10;Field &lt;com.acme.sportplatform.results.application.AssignRegistrationToUnitUseCase.registrationRepository&gt; has type &lt;com.acme.sportplatform.registrations.infrastructure.jpa.RegistrationRepository&gt; in (AssignRegistrationToUnitUseCase.java:0)&#10;- Module &apos;results&apos; depends on non-exposed type com.acme.sportplatform.registrations.infrastructure.jpa.RegistrationRepository within module &apos;registrations&apos;!&#10;Constructor &lt;com.acme.sportplatform.results.application.AssignRegistrationToUnitUseCase.&lt;init&gt;(com.acme.sportplatform.results.infrastructure.jpa.CompetitionUnitRepository, com.acme.sportplatform.results.infrastructure.jpa.CompetitionUnitEntryRepository, com.acme.sportplatform.registrations.infrastructure.jpa.RegistrationRepository)&gt; has parameter of type &lt;com.acme.sportplatform.registrations.infrastructure.jpa.RegistrationRepository&gt; in (AssignRegistrationToUnitUseCase.java:0)&#10;- Module &apos;results&apos; depends on non-exposed type com.acme.sportplatform.registrations.infrastructure.jpa.RegistrationRepository within module &apos;registrations&apos;!&#10;GetCompetitionUnitDetailsUseCase declares constructor GetCompetitionUnitDetailsUseCase(CompetitionUnitRepository, CompetitionUnitEntryRepository, ResultRepository, RegistrationRepository, ObjectMapper) in (GetCompetitionUnitDetailsUseCase.java:0)&#10;- Module &apos;results&apos; depends on non-exposed type com.acme.sportplatform.registrations.infrastructure.jpa.RegistrationEntity within module &apos;registrations&apos;!&#10;Method &lt;com.acme.sportplatform.results.application.GetCompetitionUnitDetailsUseCase.toEntryView(com.acme.sportplatform.results.infrastructure.jpa.CompetitionUnitEntryEntity)&gt; calls method &lt;com.acme.sportplatform.registrations.infrastructure.jpa.RegistrationEntity.getParticipantSnapshot()&gt; in (GetCompetitionUnitDetailsUseCase.java:88)&#10;- Module &apos;results&apos; depends on non-exposed type com.acme.sportplatform.registrations.infrastructure.jpa.RegistrationRepository within module &apos;registrations&apos;!&#10;Method &lt;com.acme.sportplatform.results.application.GetCompetitionUnitDetailsUseCase.toEntryView(com.acme.sportplatform.results.infrastructure.jpa.CompetitionUnitEntryEntity)&gt; calls method &lt;com.acme.sportplatform.registrations.infrastructure.jpa.RegistrationRepository.findById(java.lang.Object)&gt; in (GetCompetitionUnitDetailsUseCase.java:80)&#10;- Module &apos;results&apos; depends on non-exposed type com.acme.sportplatform.registrations.infrastructure.jpa.RegistrationRepository within module &apos;registrations&apos;!&#10;Field &lt;com.acme.sportplatform.results.application.GetCompetitionUnitDetailsUseCase.registrationRepository&gt; has type &lt;com.acme.sportplatform.registrations.infrastructure.jpa.RegistrationRepository&gt; in (GetCompetitionUnitDetailsUseCase.java:0)&#10;- Module &apos;results&apos; depends on non-exposed type com.acme.sportplatform.registrations.infrastructure.jpa.RegistrationRepository within module &apos;registrations&apos;!&#10;Constructor &lt;com.acme.sportplatform.results.application.GetCompetitionUnitDetailsUseCase.&lt;init&gt;(com.acme.sportplatform.results.infrastructure.jpa.CompetitionUnitRepository, com.acme.sportplatform.results.infrastructure.jpa.CompetitionUnitEntryRepository, com.acme.sportplatform.results.infrastructure.jpa.ResultRepository, com.acme.sportplatform.registrations.infrastructure.jpa.RegistrationRepository, com.fasterxml.jackson.databind.ObjectMapper)&gt; has parameter of type &lt;com.acme.sportplatform.registrations.infrastructure.jpa.RegistrationRepository&gt; in (GetCompetitionUnitDetailsUseCase.java:0)&#10;- Module &apos;results&apos; depends on non-exposed type com.acme.sportplatform.registrations.infrastructure.jpa.RegistrationRepository within module &apos;registrations&apos;!&#10;GetPublicCompetitionUnitResultsUseCase declares constructor GetPublicCompetitionUnitResultsUseCase(CompetitionUnitRepository, CompetitionUnitEntryRepository, ResultRepository, RegistrationRepository, ObjectMapper) in (GetPublicCompetitionUnitResultsUseCase.java:0)&#10;- Module &apos;results&apos; depends on non-exposed type com.acme.sportplatform.registrations.infrastructure.jpa.RegistrationEntity within module &apos;registrations&apos;!&#10;RegistrationEntity declares parameter RegistrationEntity.toEntryView(CompetitionUnitEntryEntity, ResultEntity, RegistrationEntity) in (GetPublicCompetitionUnitResultsUseCase.java:0)&#10;- Module &apos;results&apos; depends on non-exposed type com.acme.sportplatform.registrations.infrastructure.jpa.RegistrationRepository within module &apos;registrations&apos;!&#10;Method &lt;com.acme.sportplatform.results.application.GetPublicCompetitionUnitResultsUseCase.execute(java.util.UUID)&gt; calls method &lt;com.acme.sportplatform.registrations.infrastructure.jpa.RegistrationRepository.findByIdIn(java.util.List)&gt; in (GetPublicCompetitionUnitResultsUseCase.java:80)&#10;- Module &apos;results&apos; depends on non-exposed type com.acme.sportplatform.registrations.infrastructure.jpa.RegistrationEntity within module &apos;registrations&apos;!&#10;Method &lt;com.acme.sportplatform.results.application.GetPublicCompetitionUnitResultsUseCase.toEntryView(com.acme.sportplatform.results.infrastructure.jpa.CompetitionUnitEntryEntity, com.acme.sportplatform.results.infrastructure.jpa.ResultEntity, com.acme.sportplatform.registrations.infrastructure.jpa.RegistrationEntity)&gt; calls method &lt;com.acme.sportplatform.registrations.infrastructure.jpa.RegistrationEntity.getParticipantSnapshot()&gt; in (GetPublicCompetitionUnitResultsUseCase.java:131)&#10;- Module &apos;results&apos; depends on non-exposed type com.acme.sportplatform.registrations.infrastructure.jpa.RegistrationEntity within module &apos;registrations&apos;!&#10;Method &lt;com.acme.sportplatform.results.application.GetPublicCompetitionUnitResultsUseCase.execute(java.util.UUID)&gt; references method &lt;com.acme.sportplatform.registrations.infrastructure.jpa.RegistrationEntity.getId()&gt; in (GetPublicCompetitionUnitResultsUseCase.java:81)&#10;- Module &apos;results&apos; depends on non-exposed type com.acme.sportplatform.registrations.infrastructure.jpa.RegistrationRepository within module &apos;registrations&apos;!&#10;Field &lt;com.acme.sportplatform.results.application.GetPublicCompetitionUnitResultsUseCase.registrationRepository&gt; has type &lt;com.acme.sportplatform.registrations.infrastructure.jpa.RegistrationRepository&gt; in (GetPublicCompetitionUnitResultsUseCase.java:0)&#10;- Module &apos;results&apos; depends on non-exposed type com.acme.sportplatform.registrations.infrastructure.jpa.RegistrationEntity within module &apos;registrations&apos;!&#10;Method &lt;com.acme.sportplatform.results.application.GetPublicCompetitionUnitResultsUseCase.toEntryView(com.acme.sportplatform.results.infrastructure.jpa.CompetitionUnitEntryEntity, com.acme.sportplatform.results.infrastructure.jpa.ResultEntity, com.acme.sportplatform.registrations.infrastructure.jpa.RegistrationEntity)&gt; has parameter of type &lt;com.acme.sportplatform.registrations.infrastructure.jpa.RegistrationEntity&gt; in (GetPublicCompetitionUnitResultsUseCase.java:0)&#10;- Module &apos;results&apos; depends on non-exposed type com.acme.sportplatform.registrations.infrastructure.jpa.RegistrationRepository within module &apos;registrations&apos;!&#10;Constructor &lt;com.acme.sportplatform.results.application.GetPublicCompetitionUnitResultsUseCase.&lt;init&gt;(com.acme.sportplatform.results.infrastructure.jpa.CompetitionUnitRepository, com.acme.sportplatform.results.infrastructure.jpa.CompetitionUnitEntryRepository, com.acme.sportplatform.results.infrastructure.jpa.ResultRepository, com.acme.sportplatform.registrations.infrastructure.jpa.RegistrationRepository, com.fasterxml.jackson.databind.ObjectMapper)&gt; has parameter of type &lt;com.acme.sportplatform.registrations.infrastructure.jpa.RegistrationRepository&gt; in (GetPublicCompetitionUnitResultsUseCase.java:0)&#10;- Module &apos;results&apos; depends on non-exposed type com.acme.sportplatform.registrations.infrastructure.jpa.RegistrationRepository within module &apos;registrations&apos;!&#10;GetPublicDisciplineResultsUseCase declares constructor GetPublicDisciplineResultsUseCase(CompetitionUnitRepository, CompetitionUnitEntryRepository, ResultRepository, RegistrationRepository, ObjectMapper) in (GetPublicDisciplineResultsUseCase.java:0)&#10;- Module &apos;results&apos; depends on non-exposed type com.acme.sportplatform.registrations.infrastructure.jpa.RegistrationEntity within module &apos;registrations&apos;!&#10;RegistrationEntity declares parameter RegistrationEntity.toEntryView(CompetitionUnitEntryEntity, ResultEntity, RegistrationEntity) in (GetPublicDisciplineResultsUseCase.java:0)&#10;- Module &apos;results&apos; depends on non-exposed type com.acme.sportplatform.registrations.infrastructure.jpa.RegistrationRepository within module &apos;registrations&apos;!&#10;Method &lt;com.acme.sportplatform.results.application.GetPublicDisciplineResultsUseCase.execute(java.util.UUID, java.util.UUID)&gt; calls method &lt;com.acme.sportplatform.registrations.infrastructure.jpa.RegistrationRepository.findByIdIn(java.util.List)&gt; in (GetPublicDisciplineResultsUseCase.java:100)&#10;- Module &apos;results&apos; depends on non-exposed type com.acme.sportplatform.registrations.infrastructure.jpa.RegistrationEntity within module &apos;registrations&apos;!&#10;Method &lt;com.acme.sportplatform.results.application.GetPublicDisciplineResultsUseCase.toEntryView(com.acme.sportplatform.results.infrastructure.jpa.CompetitionUnitEntryEntity, com.acme.sportplatform.results.infrastructure.jpa.ResultEntity, com.acme.sportplatform.registrations.infrastructure.jpa.RegistrationEntity)&gt; calls method &lt;com.acme.sportplatform.registrations.infrastructure.jpa.RegistrationEntity.getParticipantSnapshot()&gt; in (GetPublicDisciplineResultsUseCase.java:172)&#10;- Module &apos;results&apos; depends on non-exposed type com.acme.sportplatform.registrations.infrastructure.jpa.RegistrationEntity within module &apos;registrations&apos;!&#10;Method &lt;com.acme.sportplatform.results.application.GetPublicDisciplineResultsUseCase.execute(java.util.UUID, java.util.UUID)&gt; references method &lt;com.acme.sportplatform.registrations.infrastructure.jpa.RegistrationEntity.getId()&gt; in (GetPublicDisciplineResultsUseCase.java:101)&#10;- Module &apos;results&apos; depends on non-exposed type com.acme.sportplatform.registrations.infrastructure.jpa.RegistrationRepository within module &apos;registrations&apos;!&#10;Field &lt;com.acme.sportplatform.results.application.GetPublicDisciplineResultsUseCase.registrationRepository&gt; has type &lt;com.acme.sportplatform.registrations.infrastructure.jpa.RegistrationRepository&gt; in (GetPublicDisciplineResultsUseCase.java:0)&#10;- Module &apos;results&apos; depends on non-exposed type com.acme.sportplatform.registrations.infrastructure.jpa.RegistrationEntity within module &apos;registrations&apos;!&#10;Method &lt;com.acme.sportplatform.results.application.GetPublicDisciplineResultsUseCase.toEntryView(com.acme.sportplatform.results.infrastructure.jpa.CompetitionUnitEntryEntity, com.acme.sportplatform.results.infrastructure.jpa.ResultEntity, com.acme.sportplatform.registrations.infrastructure.jpa.RegistrationEntity)&gt; has parameter of type &lt;com.acme.sportplatform.registrations.infrastructure.jpa.RegistrationEntity&gt; in (GetPublicDisciplineResultsUseCase.java:0)&#10;- Module &apos;results&apos; depends on non-exposed type com.acme.sportplatform.registrations.infrastructure.jpa.RegistrationEntity within module &apos;registrations&apos;!&#10;Method &lt;com.acme.sportplatform.results.application.GetPublicDisciplineResultsUseCase.toUnitView(com.acme.sportplatform.results.infrastructure.jpa.CompetitionUnitEntity, java.util.List, java.util.Map, java.util.Map)&gt; has generic parameter type &lt;java.util.Map&lt;java.util.UUID, com.acme.sportplatform.registrations.infrastructure.jpa.RegistrationEntity&gt;&gt; with type argument depending on &lt;com.acme.sportplatform.registrations.infrastructure.jpa.RegistrationEntity&gt; in (GetPublicDisciplineResultsUseCase.java:0)&#10;- Module &apos;results&apos; depends on non-exposed type com.acme.sportplatform.registrations.infrastructure.jpa.RegistrationRepository within module &apos;registrations&apos;!&#10;Constructor &lt;com.acme.sportplatform.results.application.GetPublicDisciplineResultsUseCase.&lt;init&gt;(com.acme.sportplatform.results.infrastructure.jpa.CompetitionUnitRepository, com.acme.sportplatform.results.infrastructure.jpa.CompetitionUnitEntryRepository, com.acme.sportplatform.results.infrastructure.jpa.ResultRepository, com.acme.sportplatform.registrations.infrastructure.jpa.RegistrationRepository, com.fasterxml.jackson.databind.ObjectMapper)&gt; has parameter of type &lt;com.acme.sportplatform.registrations.infrastructure.jpa.RegistrationRepository&gt; in (GetPublicDisciplineResultsUseCase.java:0)&#10;- Module &apos;results&apos; depends on non-exposed type com.acme.sportplatform.competition.infrastructure.jpa.EventDisciplineRepository within module &apos;competition&apos;!&#10;ResultsController declares constructor ResultsController(CreateCompetitionUnitUseCase, AssignRegistrationToUnitUseCase, RecordResultUseCase, RecalculatePlacesUseCase, GetCompetitionUnitDetailsUseCase, PublishCompetitionUnitUseCase, CompetitionUnitRepository, GetPublicCompetitionUnitResultsUseCase, GetPublicDisciplineResultsUseCase, EventDisciplineRepository) in (ResultsController.java:0)&#10;- Module &apos;results&apos; depends on non-exposed type com.acme.sportplatform.competition.infrastructure.jpa.EventDisciplineRepository within module &apos;competition&apos;!&#10;Method &lt;com.acme.sportplatform.results.web.ResultsController.getPublicDisciplineResults(java.util.UUID, java.util.UUID)&gt; calls method &lt;com.acme.sportplatform.competition.infrastructure.jpa.EventDisciplineRepository.findById(java.lang.Object)&gt; in (ResultsController.java:156)&#10;- Module &apos;results&apos; depends on non-exposed type com.acme.sportplatform.competition.infrastructure.jpa.EventDisciplineEntity within module &apos;competition&apos;!&#10;Method &lt;com.acme.sportplatform.results.web.ResultsController.getPublicDisciplineResults(java.util.UUID, java.util.UUID)&gt; calls method &lt;com.acme.sportplatform.competition.infrastructure.jpa.EventDisciplineEntity.getEventId()&gt; in (ResultsController.java:159)&#10;- Module &apos;results&apos; depends on non-exposed type com.acme.sportplatform.competition.infrastructure.jpa.EventDisciplineRepository within module &apos;competition&apos;!&#10;Field &lt;com.acme.sportplatform.results.web.ResultsController.eventDisciplineRepository&gt; has type &lt;com.acme.sportplatform.competition.infrastructure.jpa.EventDisciplineRepository&gt; in (ResultsController.java:0)&#10;- Module &apos;results&apos; depends on non-exposed type com.acme.sportplatform.competition.infrastructure.jpa.EventDisciplineRepository within module &apos;competition&apos;!&#10;Constructor &lt;com.acme.sportplatform.results.web.ResultsController.&lt;init&gt;(com.acme.sportplatform.results.application.CreateCompetitionUnitUseCase, com.acme.sportplatform.results.application.AssignRegistrationToUnitUseCase, com.acme.sportplatform.results.application.RecordResultUseCase, com.acme.sportplatform.results.application.RecalculatePlacesUseCase, com.acme.sportplatform.results.application.GetCompetitionUnitDetailsUseCase, com.acme.sportplatform.results.application.PublishCompetitionUnitUseCase, com.acme.sportplatform.results.infrastructure.jpa.CompetitionUnitRepository, com.acme.sportplatform.results.application.GetPublicCompetitionUnitResultsUseCase, com.acme.sportplatform.results.application.GetPublicDisciplineResultsUseCase, com.acme.sportplatform.competition.infrastructure.jpa.EventDisciplineRepository)&gt; has parameter of type &lt;com.acme.sportplatform.competition.infrastructure.jpa.EventDisciplineRepository&gt; in (ResultsController.java:0)" type="org.springframework.modulith.core.Violations"><![CDATA[org.springframework.modulith.core.Violations: 
- Cycle detected: Slice competition -> 
                Slice events -> 
                Slice competition
  1. Dependencies of Slice competition
    - Constructor <com.acme.sportplatform.competition.application.CreateEventDisciplineUseCase.<init>(com.acme.sportplatform.competition.infrastructure.jpa.EventDisciplineRepository, com.acme.sportplatform.events.EventLookup, com.acme.sportplatform.sports.DisciplineTemplateLookup, com.acme.sportplatform.competition.application.EventDisciplineMapper)> has parameter of type <com.acme.sportplatform.events.EventLookup> in (CreateEventDisciplineUseCase.java:0)
    - Constructor <com.acme.sportplatform.competition.application.PublicEventCatalogQueryService.<init>(com.acme.sportplatform.events.EventPublicLookup, com.acme.sportplatform.competition.infrastructure.jpa.EventDisciplineRepository)> has parameter of type <com.acme.sportplatform.events.EventPublicLookup> in (PublicEventCatalogQueryService.java:0)
    - Field <com.acme.sportplatform.competition.application.CreateEventDisciplineUseCase.eventLookup> has type <com.acme.sportplatform.events.EventLookup> in (CreateEventDisciplineUseCase.java:0)
    - Field <com.acme.sportplatform.competition.application.PublicEventCatalogQueryService.eventPublicLookup> has type <com.acme.sportplatform.events.EventPublicLookup> in (PublicEventCatalogQueryService.java:0)
    - Method <com.acme.sportplatform.competition.application.PublicEventCatalogQueryService.toListItem(com.acme.sportplatform.events.EventPublicLookupResult)> has parameter of type <com.acme.sportplatform.events.EventPublicLookupResult> in (PublicEventCatalogQueryService.java:0)
    - Method <com.acme.sportplatform.competition.application.PublicEventCatalogQueryService.list()> calls method <com.acme.sportplatform.events.EventPublicLookup.listPublicEvents()> in (PublicEventCatalogQueryService.java:34)
    - Method <com.acme.sportplatform.competition.application.PublicEventCatalogQueryService.getByPublicSlug(java.lang.String)> calls method <com.acme.sportplatform.events.EventPublicLookup.getPublicBySlug(java.lang.String)> in (PublicEventCatalogQueryService.java:44)
    - Method <com.acme.sportplatform.competition.application.PublicEventCatalogQueryService.getByPublicSlug(java.lang.String)> calls method <com.acme.sportplatform.events.EventPublicLookupResult.id()> in (PublicEventCatalogQueryService.java:49)
    - Method <com.acme.sportplatform.competition.application.CreateEventDisciplineUseCase.execute(java.util.UUID, com.acme.sportplatform.competition.api.CreateEventDisciplineRequest)> calls method <com.acme.sportplatform.events.EventLookup.getById(java.util.UUID)> in (CreateEventDisciplineUseCase.java:50)
    - Method <com.acme.sportplatform.competition.application.PublicEventCatalogQueryService.getByPublicSlug(java.lang.String)> calls method <com.acme.sportplatform.events.EventPublicLookupResult.id()> in (PublicEventCatalogQueryService.java:57)
    - Method <com.acme.sportplatform.competition.application.CreateEventDisciplineUseCase.execute(java.util.UUID, com.acme.sportplatform.competition.api.CreateEventDisciplineRequest)> calls method <com.acme.sportplatform.events.EventLookupResult.status()> in (CreateEventDisciplineUseCase.java:58)
    - Method <com.acme.sportplatform.competition.application.PublicEventCatalogQueryService.getByPublicSlug(java.lang.String)> calls method <com.acme.sportplatform.events.EventPublicLookupResult.sportId()> in (PublicEventCatalogQueryService.java:58)
    - Method <com.acme.sportplatform.competition.application.PublicEventCatalogQueryService.getByPublicSlug(java.lang.String)> calls method <com.acme.sportplatform.events.EventPublicLookupResult.title()> in (PublicEventCatalogQueryService.java:59)
    - Method <com.acme.sportplatform.competition.application.PublicEventCatalogQueryService.getByPublicSlug(java.lang.String)> calls method <com.acme.sportplatform.events.EventPublicLookupResult.description()> in (PublicEventCatalogQueryService.java:60)
    - Method <com.acme.sportplatform.competition.application.PublicEventCatalogQueryService.getByPublicSlug(java.lang.String)> calls method <com.acme.sportplatform.events.EventPublicLookupResult.registrationOpenAt()> in (PublicEventCatalogQueryService.java:61)
    - Method <com.acme.sportplatform.competition.application.PublicEventCatalogQueryService.getByPublicSlug(java.lang.String)> calls method <com.acme.sportplatform.events.EventPublicLookupResult.registrationCloseAt()> in (PublicEventCatalogQueryService.java:62)
    - Method <com.acme.sportplatform.competition.application.PublicEventCatalogQueryService.getByPublicSlug(java.lang.String)> calls method <com.acme.sportplatform.events.EventPublicLookupResult.eventStartAt()> in (PublicEventCatalogQueryService.java:63)
    - Method <com.acme.sportplatform.competition.application.PublicEventCatalogQueryService.getByPublicSlug(java.lang.String)> calls method <com.acme.sportplatform.events.EventPublicLookupResult.eventEndAt()> in (PublicEventCatalogQueryService.java:64)
    - Method <com.acme.sportplatform.competition.application.PublicEventCatalogQueryService.getByPublicSlug(java.lang.String)> calls method <com.acme.sportplatform.events.EventPublicLookupResult.status()> in (PublicEventCatalogQueryService.java:65)
    - Method <com.acme.sportplatform.competition.application.PublicEventCatalogQueryService.getByPublicSlug(java.lang.String)> calls method <com.acme.sportplatform.events.EventPublicLookupResult.publicSlug()> in (PublicEventCatalogQueryService.java:66)
    (11 further dependencies have been omitted...)
  2. Dependencies of Slice events
    - Constructor <com.acme.sportplatform.events.application.EventMapper.<init>(com.acme.sportplatform.competition.EventDisciplineLookup)> has parameter of type <com.acme.sportplatform.competition.EventDisciplineLookup> in (EventMapper.java:0)
    - Field <com.acme.sportplatform.events.application.EventMapper.eventDisciplineLookup> has type <com.acme.sportplatform.competition.EventDisciplineLookup> in (EventMapper.java:0)
    - Method <com.acme.sportplatform.events.application.EventMapper.toDisciplineResponse(com.acme.sportplatform.competition.EventDisciplineSummary)> has parameter of type <com.acme.sportplatform.competition.EventDisciplineSummary> in (EventMapper.java:0)
    - Method <com.acme.sportplatform.events.application.EventMapper.toResponse(com.acme.sportplatform.events.infrastructure.persistence.entity.EventEntity)> calls method <com.acme.sportplatform.competition.EventDisciplineLookup.findByEventId(java.util.UUID)> in (EventMapper.java:23)
    - Method <com.acme.sportplatform.events.application.EventMapper.toDisciplineResponse(com.acme.sportplatform.competition.EventDisciplineSummary)> calls method <com.acme.sportplatform.competition.EventDisciplineSummary.id()> in (EventMapper.java:53)
    - Method <com.acme.sportplatform.events.application.EventMapper.toDisciplineResponse(com.acme.sportplatform.competition.EventDisciplineSummary)> calls method <com.acme.sportplatform.competition.EventDisciplineSummary.code()> in (EventMapper.java:54)
    - Method <com.acme.sportplatform.events.application.EventMapper.toDisciplineResponse(com.acme.sportplatform.competition.EventDisciplineSummary)> calls method <com.acme.sportplatform.competition.EventDisciplineSummary.name()> in (EventMapper.java:55)
    - Method <com.acme.sportplatform.events.application.EventMapper.toDisciplineResponse(com.acme.sportplatform.competition.EventDisciplineSummary)> calls method <com.acme.sportplatform.competition.EventDisciplineSummary.competitionFormat()> in (EventMapper.java:56)
    - Method <com.acme.sportplatform.events.application.EventMapper.toDisciplineResponse(com.acme.sportplatform.competition.EventDisciplineSummary)> calls method <com.acme.sportplatform.competition.EventDisciplineSummary.unitType()> in (EventMapper.java:57)
    - Method <com.acme.sportplatform.events.application.EventMapper.toDisciplineResponse(com.acme.sportplatform.competition.EventDisciplineSummary)> calls method <com.acme.sportplatform.competition.EventDisciplineSummary.resultType()> in (EventMapper.java:58)
    - Method <com.acme.sportplatform.events.application.EventMapper.toDisciplineResponse(com.acme.sportplatform.competition.EventDisciplineSummary)> calls method <com.acme.sportplatform.competition.EventDisciplineSummary.rankingStrategy()> in (EventMapper.java:59)
    - Method <com.acme.sportplatform.events.application.EventMapper.toDisciplineResponse(com.acme.sportplatform.competition.EventDisciplineSummary)> calls method <com.acme.sportplatform.competition.EventDisciplineSummary.participantLimit()> in (EventMapper.java:60)
    - Method <com.acme.sportplatform.events.application.EventMapper.toDisciplineResponse(com.acme.sportplatform.competition.EventDisciplineSummary)> calls method <com.acme.sportplatform.competition.EventDisciplineSummary.entryFeeAmount()> in (EventMapper.java:61)
    - Method <com.acme.sportplatform.events.application.EventMapper.toDisciplineResponse(com.acme.sportplatform.competition.EventDisciplineSummary)> calls method <com.acme.sportplatform.competition.EventDisciplineSummary.entryFeeCurrency()> in (EventMapper.java:62)
    - Method <com.acme.sportplatform.events.application.EventMapper.toDisciplineResponse(com.acme.sportplatform.competition.EventDisciplineSummary)> calls method <com.acme.sportplatform.competition.EventDisciplineSummary.settingsJson()> in (EventMapper.java:63)
- Module 'payments' depends on non-exposed type com.acme.sportplatform.registrations.infrastructure.jpa.RegistrationRepository within module 'registrations'!
GetPaymentForRegistrationUseCase declares constructor GetPaymentForRegistrationUseCase(RegistrationRepository, PaymentRepository, PaymentMapper) in (GetPaymentForRegistrationUseCase.java:0)
- Module 'payments' depends on non-exposed type com.acme.sportplatform.registrations.infrastructure.jpa.RegistrationRepository within module 'registrations'!
Method <com.acme.sportplatform.payments.application.GetPaymentForRegistrationUseCase.execute(java.util.UUID, java.util.UUID)> calls method <com.acme.sportplatform.registrations.infrastructure.jpa.RegistrationRepository.findById(java.lang.Object)> in (GetPaymentForRegistrationUseCase.java:35)
- Module 'payments' depends on non-exposed type com.acme.sportplatform.registrations.infrastructure.jpa.RegistrationEntity within module 'registrations'!
Method <com.acme.sportplatform.payments.application.GetPaymentForRegistrationUseCase.execute(java.util.UUID, java.util.UUID)> calls method <com.acme.sportplatform.registrations.infrastructure.jpa.RegistrationEntity.getParticipantUserId()> in (GetPaymentForRegistrationUseCase.java:41)
- Module 'payments' depends on non-exposed type com.acme.sportplatform.registrations.infrastructure.jpa.RegistrationRepository within module 'registrations'!
Field <com.acme.sportplatform.payments.application.GetPaymentForRegistrationUseCase.registrationRepository> has type <com.acme.sportplatform.registrations.infrastructure.jpa.RegistrationRepository> in (GetPaymentForRegistrationUseCase.java:0)
- Module 'payments' depends on non-exposed type com.acme.sportplatform.registrations.infrastructure.jpa.RegistrationRepository within module 'registrations'!
Constructor <com.acme.sportplatform.payments.application.GetPaymentForRegistrationUseCase.<init>(com.acme.sportplatform.registrations.infrastructure.jpa.RegistrationRepository, com.acme.sportplatform.payments.infrastructure.jpa.PaymentRepository, com.acme.sportplatform.payments.application.PaymentMapper)> has parameter of type <com.acme.sportplatform.registrations.infrastructure.jpa.RegistrationRepository> in (GetPaymentForRegistrationUseCase.java:0)
- Module 'results' depends on non-exposed type com.acme.sportplatform.registrations.infrastructure.jpa.RegistrationRepository within module 'registrations'!
AssignRegistrationToUnitUseCase declares constructor AssignRegistrationToUnitUseCase(CompetitionUnitRepository, CompetitionUnitEntryRepository, RegistrationRepository) in (AssignRegistrationToUnitUseCase.java:0)
- Module 'results' depends on non-exposed type com.acme.sportplatform.registrations.domain.RegistrationStatus within module 'registrations'!
Method <com.acme.sportplatform.results.application.AssignRegistrationToUnitUseCase.execute(java.util.UUID, java.util.UUID, java.lang.Integer)> gets field <com.acme.sportplatform.registrations.domain.RegistrationStatus.CONFIRMED> in (AssignRegistrationToUnitUseCase.java:55)
- Module 'results' depends on non-exposed type com.acme.sportplatform.registrations.domain.RegistrationStatus within module 'registrations'!
Method <com.acme.sportplatform.results.application.AssignRegistrationToUnitUseCase.execute(java.util.UUID, java.util.UUID, java.lang.Integer)> calls method <com.acme.sportplatform.registrations.domain.RegistrationStatus.name()> in (AssignRegistrationToUnitUseCase.java:55)
- Module 'results' depends on non-exposed type com.acme.sportplatform.registrations.infrastructure.jpa.RegistrationEntity within module 'registrations'!
Method <com.acme.sportplatform.results.application.AssignRegistrationToUnitUseCase.execute(java.util.UUID, java.util.UUID, java.lang.Integer)> calls method <com.acme.sportplatform.registrations.infrastructure.jpa.RegistrationEntity.getStatus()> in (AssignRegistrationToUnitUseCase.java:56)
- Module 'results' depends on non-exposed type com.acme.sportplatform.registrations.infrastructure.jpa.RegistrationRepository within module 'registrations'!
Method <com.acme.sportplatform.results.application.AssignRegistrationToUnitUseCase.execute(java.util.UUID, java.util.UUID, java.lang.Integer)> calls method <com.acme.sportplatform.registrations.infrastructure.jpa.RegistrationRepository.findById(java.lang.Object)> in (AssignRegistrationToUnitUseCase.java:49)
- Module 'results' depends on non-exposed type com.acme.sportplatform.registrations.infrastructure.jpa.RegistrationEntity within module 'registrations'!
Method <com.acme.sportplatform.results.application.AssignRegistrationToUnitUseCase.execute(java.util.UUID, java.util.UUID, java.lang.Integer)> calls method <com.acme.sportplatform.registrations.infrastructure.jpa.RegistrationEntity.getEventDisciplineId()> in (AssignRegistrationToUnitUseCase.java:65)
- Module 'results' depends on non-exposed type com.acme.sportplatform.registrations.infrastructure.jpa.RegistrationRepository within module 'registrations'!
Field <com.acme.sportplatform.results.application.AssignRegistrationToUnitUseCase.registrationRepository> has type <com.acme.sportplatform.registrations.infrastructure.jpa.RegistrationRepository> in (AssignRegistrationToUnitUseCase.java:0)
- Module 'results' depends on non-exposed type com.acme.sportplatform.registrations.infrastructure.jpa.RegistrationRepository within module 'registrations'!
Constructor <com.acme.sportplatform.results.application.AssignRegistrationToUnitUseCase.<init>(com.acme.sportplatform.results.infrastructure.jpa.CompetitionUnitRepository, com.acme.sportplatform.results.infrastructure.jpa.CompetitionUnitEntryRepository, com.acme.sportplatform.registrations.infrastructure.jpa.RegistrationRepository)> has parameter of type <com.acme.sportplatform.registrations.infrastructure.jpa.RegistrationRepository> in (AssignRegistrationToUnitUseCase.java:0)
- Module 'results' depends on non-exposed type com.acme.sportplatform.registrations.infrastructure.jpa.RegistrationRepository within module 'registrations'!
GetCompetitionUnitDetailsUseCase declares constructor GetCompetitionUnitDetailsUseCase(CompetitionUnitRepository, CompetitionUnitEntryRepository, ResultRepository, RegistrationRepository, ObjectMapper) in (GetCompetitionUnitDetailsUseCase.java:0)
- Module 'results' depends on non-exposed type com.acme.sportplatform.registrations.infrastructure.jpa.RegistrationEntity within module 'registrations'!
Method <com.acme.sportplatform.results.application.GetCompetitionUnitDetailsUseCase.toEntryView(com.acme.sportplatform.results.infrastructure.jpa.CompetitionUnitEntryEntity)> calls method <com.acme.sportplatform.registrations.infrastructure.jpa.RegistrationEntity.getParticipantSnapshot()> in (GetCompetitionUnitDetailsUseCase.java:88)
- Module 'results' depends on non-exposed type com.acme.sportplatform.registrations.infrastructure.jpa.RegistrationRepository within module 'registrations'!
Method <com.acme.sportplatform.results.application.GetCompetitionUnitDetailsUseCase.toEntryView(com.acme.sportplatform.results.infrastructure.jpa.CompetitionUnitEntryEntity)> calls method <com.acme.sportplatform.registrations.infrastructure.jpa.RegistrationRepository.findById(java.lang.Object)> in (GetCompetitionUnitDetailsUseCase.java:80)
- Module 'results' depends on non-exposed type com.acme.sportplatform.registrations.infrastructure.jpa.RegistrationRepository within module 'registrations'!
Field <com.acme.sportplatform.results.application.GetCompetitionUnitDetailsUseCase.registrationRepository> has type <com.acme.sportplatform.registrations.infrastructure.jpa.RegistrationRepository> in (GetCompetitionUnitDetailsUseCase.java:0)
- Module 'results' depends on non-exposed type com.acme.sportplatform.registrations.infrastructure.jpa.RegistrationRepository within module 'registrations'!
Constructor <com.acme.sportplatform.results.application.GetCompetitionUnitDetailsUseCase.<init>(com.acme.sportplatform.results.infrastructure.jpa.CompetitionUnitRepository, com.acme.sportplatform.results.infrastructure.jpa.CompetitionUnitEntryRepository, com.acme.sportplatform.results.infrastructure.jpa.ResultRepository, com.acme.sportplatform.registrations.infrastructure.jpa.RegistrationRepository, com.fasterxml.jackson.databind.ObjectMapper)> has parameter of type <com.acme.sportplatform.registrations.infrastructure.jpa.RegistrationRepository> in (GetCompetitionUnitDetailsUseCase.java:0)
- Module 'results' depends on non-exposed type com.acme.sportplatform.registrations.infrastructure.jpa.RegistrationRepository within module 'registrations'!
GetPublicCompetitionUnitResultsUseCase declares constructor GetPublicCompetitionUnitResultsUseCase(CompetitionUnitRepository, CompetitionUnitEntryRepository, ResultRepository, RegistrationRepository, ObjectMapper) in (GetPublicCompetitionUnitResultsUseCase.java:0)
- Module 'results' depends on non-exposed type com.acme.sportplatform.registrations.infrastructure.jpa.RegistrationEntity within module 'registrations'!
RegistrationEntity declares parameter RegistrationEntity.toEntryView(CompetitionUnitEntryEntity, ResultEntity, RegistrationEntity) in (GetPublicCompetitionUnitResultsUseCase.java:0)
- Module 'results' depends on non-exposed type com.acme.sportplatform.registrations.infrastructure.jpa.RegistrationRepository within module 'registrations'!
Method <com.acme.sportplatform.results.application.GetPublicCompetitionUnitResultsUseCase.execute(java.util.UUID)> calls method <com.acme.sportplatform.registrations.infrastructure.jpa.RegistrationRepository.findByIdIn(java.util.List)> in (GetPublicCompetitionUnitResultsUseCase.java:80)
- Module 'results' depends on non-exposed type com.acme.sportplatform.registrations.infrastructure.jpa.RegistrationEntity within module 'registrations'!
Method <com.acme.sportplatform.results.application.GetPublicCompetitionUnitResultsUseCase.toEntryView(com.acme.sportplatform.results.infrastructure.jpa.CompetitionUnitEntryEntity, com.acme.sportplatform.results.infrastructure.jpa.ResultEntity, com.acme.sportplatform.registrations.infrastructure.jpa.RegistrationEntity)> calls method <com.acme.sportplatform.registrations.infrastructure.jpa.RegistrationEntity.getParticipantSnapshot()> in (GetPublicCompetitionUnitResultsUseCase.java:131)
- Module 'results' depends on non-exposed type com.acme.sportplatform.registrations.infrastructure.jpa.RegistrationEntity within module 'registrations'!
Method <com.acme.sportplatform.results.application.GetPublicCompetitionUnitResultsUseCase.execute(java.util.UUID)> references method <com.acme.sportplatform.registrations.infrastructure.jpa.RegistrationEntity.getId()> in (GetPublicCompetitionUnitResultsUseCase.java:81)
- Module 'results' depends on non-exposed type com.acme.sportplatform.registrations.infrastructure.jpa.RegistrationRepository within module 'registrations'!
Field <com.acme.sportplatform.results.application.GetPublicCompetitionUnitResultsUseCase.registrationRepository> has type <com.acme.sportplatform.registrations.infrastructure.jpa.RegistrationRepository> in (GetPublicCompetitionUnitResultsUseCase.java:0)
- Module 'results' depends on non-exposed type com.acme.sportplatform.registrations.infrastructure.jpa.RegistrationEntity within module 'registrations'!
Method <com.acme.sportplatform.results.application.GetPublicCompetitionUnitResultsUseCase.toEntryView(com.acme.sportplatform.results.infrastructure.jpa.CompetitionUnitEntryEntity, com.acme.sportplatform.results.infrastructure.jpa.ResultEntity, com.acme.sportplatform.registrations.infrastructure.jpa.RegistrationEntity)> has parameter of type <com.acme.sportplatform.registrations.infrastructure.jpa.RegistrationEntity> in (GetPublicCompetitionUnitResultsUseCase.java:0)
- Module 'results' depends on non-exposed type com.acme.sportplatform.registrations.infrastructure.jpa.RegistrationRepository within module 'registrations'!
Constructor <com.acme.sportplatform.results.application.GetPublicCompetitionUnitResultsUseCase.<init>(com.acme.sportplatform.results.infrastructure.jpa.CompetitionUnitRepository, com.acme.sportplatform.results.infrastructure.jpa.CompetitionUnitEntryRepository, com.acme.sportplatform.results.infrastructure.jpa.ResultRepository, com.acme.sportplatform.registrations.infrastructure.jpa.RegistrationRepository, com.fasterxml.jackson.databind.ObjectMapper)> has parameter of type <com.acme.sportplatform.registrations.infrastructure.jpa.RegistrationRepository> in (GetPublicCompetitionUnitResultsUseCase.java:0)
- Module 'results' depends on non-exposed type com.acme.sportplatform.registrations.infrastructure.jpa.RegistrationRepository within module 'registrations'!
GetPublicDisciplineResultsUseCase declares constructor GetPublicDisciplineResultsUseCase(CompetitionUnitRepository, CompetitionUnitEntryRepository, ResultRepository, RegistrationRepository, ObjectMapper) in (GetPublicDisciplineResultsUseCase.java:0)
- Module 'results' depends on non-exposed type com.acme.sportplatform.registrations.infrastructure.jpa.RegistrationEntity within module 'registrations'!
RegistrationEntity declares parameter RegistrationEntity.toEntryView(CompetitionUnitEntryEntity, ResultEntity, RegistrationEntity) in (GetPublicDisciplineResultsUseCase.java:0)
- Module 'results' depends on non-exposed type com.acme.sportplatform.registrations.infrastructure.jpa.RegistrationRepository within module 'registrations'!
Method <com.acme.sportplatform.results.application.GetPublicDisciplineResultsUseCase.execute(java.util.UUID, java.util.UUID)> calls method <com.acme.sportplatform.registrations.infrastructure.jpa.RegistrationRepository.findByIdIn(java.util.List)> in (GetPublicDisciplineResultsUseCase.java:100)
- Module 'results' depends on non-exposed type com.acme.sportplatform.registrations.infrastructure.jpa.RegistrationEntity within module 'registrations'!
Method <com.acme.sportplatform.results.application.GetPublicDisciplineResultsUseCase.toEntryView(com.acme.sportplatform.results.infrastructure.jpa.CompetitionUnitEntryEntity, com.acme.sportplatform.results.infrastructure.jpa.ResultEntity, com.acme.sportplatform.registrations.infrastructure.jpa.RegistrationEntity)> calls method <com.acme.sportplatform.registrations.infrastructure.jpa.RegistrationEntity.getParticipantSnapshot()> in (GetPublicDisciplineResultsUseCase.java:172)
- Module 'results' depends on non-exposed type com.acme.sportplatform.registrations.infrastructure.jpa.RegistrationEntity within module 'registrations'!
Method <com.acme.sportplatform.results.application.GetPublicDisciplineResultsUseCase.execute(java.util.UUID, java.util.UUID)> references method <com.acme.sportplatform.registrations.infrastructure.jpa.RegistrationEntity.getId()> in (GetPublicDisciplineResultsUseCase.java:101)
- Module 'results' depends on non-exposed type com.acme.sportplatform.registrations.infrastructure.jpa.RegistrationRepository within module 'registrations'!
Field <com.acme.sportplatform.results.application.GetPublicDisciplineResultsUseCase.registrationRepository> has type <com.acme.sportplatform.registrations.infrastructure.jpa.RegistrationRepository> in (GetPublicDisciplineResultsUseCase.java:0)
- Module 'results' depends on non-exposed type com.acme.sportplatform.registrations.infrastructure.jpa.RegistrationEntity within module 'registrations'!
Method <com.acme.sportplatform.results.application.GetPublicDisciplineResultsUseCase.toEntryView(com.acme.sportplatform.results.infrastructure.jpa.CompetitionUnitEntryEntity, com.acme.sportplatform.results.infrastructure.jpa.ResultEntity, com.acme.sportplatform.registrations.infrastructure.jpa.RegistrationEntity)> has parameter of type <com.acme.sportplatform.registrations.infrastructure.jpa.RegistrationEntity> in (GetPublicDisciplineResultsUseCase.java:0)
- Module 'results' depends on non-exposed type com.acme.sportplatform.registrations.infrastructure.jpa.RegistrationEntity within module 'registrations'!
Method <com.acme.sportplatform.results.application.GetPublicDisciplineResultsUseCase.toUnitView(com.acme.sportplatform.results.infrastructure.jpa.CompetitionUnitEntity, java.util.List, java.util.Map, java.util.Map)> has generic parameter type <java.util.Map<java.util.UUID, com.acme.sportplatform.registrations.infrastructure.jpa.RegistrationEntity>> with type argument depending on <com.acme.sportplatform.registrations.infrastructure.jpa.RegistrationEntity> in (GetPublicDisciplineResultsUseCase.java:0)
- Module 'results' depends on non-exposed type com.acme.sportplatform.registrations.infrastructure.jpa.RegistrationRepository within module 'registrations'!
Constructor <com.acme.sportplatform.results.application.GetPublicDisciplineResultsUseCase.<init>(com.acme.sportplatform.results.infrastructure.jpa.CompetitionUnitRepository, com.acme.sportplatform.results.infrastructure.jpa.CompetitionUnitEntryRepository, com.acme.sportplatform.results.infrastructure.jpa.ResultRepository, com.acme.sportplatform.registrations.infrastructure.jpa.RegistrationRepository, com.fasterxml.jackson.databind.ObjectMapper)> has parameter of type <com.acme.sportplatform.registrations.infrastructure.jpa.RegistrationRepository> in (GetPublicDisciplineResultsUseCase.java:0)
- Module 'results' depends on non-exposed type com.acme.sportplatform.competition.infrastructure.jpa.EventDisciplineRepository within module 'competition'!
ResultsController declares constructor ResultsController(CreateCompetitionUnitUseCase, AssignRegistrationToUnitUseCase, RecordResultUseCase, RecalculatePlacesUseCase, GetCompetitionUnitDetailsUseCase, PublishCompetitionUnitUseCase, CompetitionUnitRepository, GetPublicCompetitionUnitResultsUseCase, GetPublicDisciplineResultsUseCase, EventDisciplineRepository) in (ResultsController.java:0)
- Module 'results' depends on non-exposed type com.acme.sportplatform.competition.infrastructure.jpa.EventDisciplineRepository within module 'competition'!
Method <com.acme.sportplatform.results.web.ResultsController.getPublicDisciplineResults(java.util.UUID, java.util.UUID)> calls method <com.acme.sportplatform.competition.infrastructure.jpa.EventDisciplineRepository.findById(java.lang.Object)> in (ResultsController.java:156)
- Module 'results' depends on non-exposed type com.acme.sportplatform.competition.infrastructure.jpa.EventDisciplineEntity within module 'competition'!
Method <com.acme.sportplatform.results.web.ResultsController.getPublicDisciplineResults(java.util.UUID, java.util.UUID)> calls method <com.acme.sportplatform.competition.infrastructure.jpa.EventDisciplineEntity.getEventId()> in (ResultsController.java:159)
- Module 'results' depends on non-exposed type com.acme.sportplatform.competition.infrastructure.jpa.EventDisciplineRepository within module 'competition'!
Field <com.acme.sportplatform.results.web.ResultsController.eventDisciplineRepository> has type <com.acme.sportplatform.competition.infrastructure.jpa.EventDisciplineRepository> in (ResultsController.java:0)
- Module 'results' depends on non-exposed type com.acme.sportplatform.competition.infrastructure.jpa.EventDisciplineRepository within module 'competition'!
Constructor <com.acme.sportplatform.results.web.ResultsController.<init>(com.acme.sportplatform.results.application.CreateCompetitionUnitUseCase, com.acme.sportplatform.results.application.AssignRegistrationToUnitUseCase, com.acme.sportplatform.results.application.RecordResultUseCase, com.acme.sportplatform.results.application.RecalculatePlacesUseCase, com.acme.sportplatform.results.application.GetCompetitionUnitDetailsUseCase, com.acme.sportplatform.results.application.PublishCompetitionUnitUseCase, com.acme.sportplatform.results.infrastructure.jpa.CompetitionUnitRepository, com.acme.sportplatform.results.application.GetPublicCompetitionUnitResultsUseCase, com.acme.sportplatform.results.application.GetPublicDisciplineResultsUseCase, com.acme.sportplatform.competition.infrastructure.jpa.EventDisciplineRepository)> has parameter of type <com.acme.sportplatform.competition.infrastructure.jpa.EventDisciplineRepository> in (ResultsController.java:0)
	at org.springframework.modulith.core.Violations.and(Violations.java:141)
	at org.springframework.modulith.core.ApplicationModules.detectViolations(ApplicationModules.java:505)
	at org.springframework.modulith.core.ApplicationModules.verify(ApplicationModules.java:459)
	at org.springframework.modulith.core.ApplicationModules.verify(ApplicationModules.java:443)
	at com.acme.sportplatform.architecture.ArchitectureTest.verifiesModularStructure(ArchitectureTest.java:11)
	at java.base/java.lang.reflect.Method.invoke(Method.java:565)
	at java.base/java.util.ArrayList.forEach(ArrayList.java:1604)
	at java.base/java.util.ArrayList.forEach(ArrayList.java:1604)
]]></error>
    <system-out><![CDATA[20:27:28.740 [main] INFO com.tngtech.archunit.core.PluginLoader -- Detected Java version 25
]]></system-out>
  </testcase>
</testsuite>